16 [22714017474432] INFO perfrun.launcher <> - Launcher main begin
19 [22714017474432] INFO perfrun.launcher <> - MessageCatalogInit finished
19 [22714017474432] INFO perfrun.launcher <> - Launcher instance created
19 [22714017474432] INFO perfrun.launcher <> - argc = 7; cmdline = /opt/intel/oneapi/vtune/2023.1.0/bin64/amplxe-runss --ui-output-format xml --ui-output-fd 5 --option-file /home/course/hpc/users/2020011851/exp8/results.conv3/config/runss.options.1 
85 [22714017474432] INFO perfrun.launcher <> - create msngr2::ICliToolContext
86 [22714017474432] INFO perfrun.launcher <> - create file finder object
86 [22714017474432] INFO perfrun.launcher <> - create a result directory: pattern = /home/course/hpc/users/2020011851/exp8/results.conv3 pid = 4294967295
88 [22714017474432] INFO perfrun.sdk <> - checked that the directory /home/course/hpc/users/2020011851/exp8/results.conv3 is a local directory
88 [22714017474432] INFO perfrun.sdk <> - the directory /home/course/hpc/users/2020011851/exp8/results.conv3 is located on a share or its FS ID is unknown 26985
88 [22714017474432] INFO perfrun.sdk <> - checked that the directory /tmp/amplxe-tmp-2020011851 is a local directory
88 [22714017474432] INFO perfrun.sdk <> - the directory /tmp/amplxe-tmp-2020011851 is located on a share or its FS ID is unknown 2035054128
90 [22714017474432] INFO perfrun.launcher <> - create data directory = /home/course/hpc/users/2020011851/exp8/results.conv3/data.1
91 [22714017474432] INFO perfrun.launcher <> - Creating the master collection flag
92 [22714017474432] INFO perfrun.launcher <> - Done creating the master collection flag
96 [22713877915328] INFO perfrun.launcher <> - plugin [remoteplug] was disabled because it doesn't support the given collection type.
97 [22713877915328] INFO perfrun.sdk <> - Allocating TMU :/home/course/hpc/users/2020011851/exp8/results.conv3/data.1/systemcollector-2175665-conv3.sc
99 [22713877915328] INFO perfrun.launcher <> - plugin [vdso] was disabled because it doesn't support the given collection type.
99 [22713877915328] INFO perfrun.launcher <> - plugin [ptracecollector] was disabled because it doesn't support the given collection type.
99 [22713877915328] INFO perfrun.launcher <> - plugin [gpu] was disabled because it doesn't support the given collection type.
99 [22713877915328] INFO perfrun.launcher <> - plugin [] was disabled because it doesn't support the given collection type.
99 [22713877915328] INFO perfrun.launcher <> - plugin [] was disabled because it doesn't support the given collection type.
99 [22713877915328] INFO perfrun.launcher <> - plugin [] was disabled because it doesn't support the given collection type.
99 [22713877915328] INFO perfrun.mrte <> - system-wide mode is 0
99 [22713877915328] INFO perfrun.mrte <> - Getting  mrte profiling environment ...
139 [22713877915328] INFO perfrun.mrte <> - INTEL_MRTE_DATA_DIR=/home/course/hpc/users/2020011851/exp8/results.conv3/data.1
139 [22713877915328] INFO perfrun.mrte <> - INTEL_MRTE_HOST_NAME=conv3
139 [22713877915328] INFO perfrun.mrte <> - JAVA_TOOL_OPTIONS=-agentlib:amplxe_tpssmrte_javaprof_1.0 -Dsun.boot.library.path=/opt/intel/oneapi/vtune/2023.1.0/lib32/runtime:/opt/intel/oneapi/vtune/2023.1.0/lib64/runtime
139 [22713877915328] INFO perfrun.mrte <> - LD_LIBRARY_PATH=/opt/intel/oneapi/vtune/2023.1.0/lib32/runtime:/opt/intel/oneapi/vtune/2023.1.0/lib64/runtime:/opt/intel/oneapi/tbb/2021.5.1/env/../lib/intel64/gcc4.8:/opt/intel/oneapi/mpi/2021.5.1//libfabric/lib:/opt/intel/oneapi/mpi/2021.5.1//lib/release:/opt/intel/oneapi/mpi/2021.5.1//lib:/opt/intel/oneapi/mkl/2022.0.2/lib/intel64:/opt/intel/oneapi/itac/2021.5.0/slib:/opt/intel/oneapi/debugger/2021.5.0/gdb/intel64/lib:/opt/intel/oneapi/debugger/2021.5.0/libipt/intel64/lib:/opt/intel/oneapi/debugger/2021.5.0/dep/lib:/opt/intel/oneapi/compiler/2022.0.2/linux/lib:/opt/intel/oneapi/compiler/2022.0.2/linux/lib/x64:/opt/intel/oneapi/compiler/2022.0.2/linux/lib/oclfpga/host/linux64/lib:/opt/intel/oneapi/compiler/2022.0.2/linux/compiler/lib/intel64_lin
139 [22713877915328] INFO perfrun.mrte <> - CORECLR_ENABLE_PROFILING=1
139 [22713877915328] INFO perfrun.mrte <> - CORECLR_PROFILER={AA5E4821-E3B1-479c-B7FF-5AD047D22CED}
139 [22713877915328] INFO perfrun.mrte <> - CORECLR_PROFILER_PATH=/opt/intel/oneapi/vtune/2023.1.0/lib64/libamplxe_samplingmrte_clrprof_1.0.so
139 [22713877915328] INFO perfrun.mrte <> - INTEL_MRTE_PROFILER_MODE=mixed
139 [22713877915328] INFO perfrun.mrte <> - Data directory: /home/course/hpc/users/2020011851/exp8/results.conv3/data.1
139 [22713877915328] INFO perfrun.mrte <> - Mrte plugin is initialized
139 [22713877915328] INFO perfrun.launcher <> - plugin [emon] was disabled because it doesn't support the given collection type.
139 [22713877915328] INFO perfrun.launcher <> - plugin [cuscol] was disabled because it doesn't support the given collection type.
139 [22713877915328] INFO perfrun.launcher <> - plugin [stdsrc] was disabled because it doesn't support the given collection type.
139 [22713877915328] INFO perfrun.launcher <> - plugin [sep] was disabled because it doesn't support the given collection type.
139 [22713877915328] INFO perfrun.launcher <> - plugin [vtsspp] was disabled because it doesn't support the given collection type.
139 [22713877915328] INFO perfrun.sdk <> - Reading value (1) from file: /proc/sys/kernel/perf_event_paranoid
139 [22713877915328] INFO perfrun.perfcollector <> - checking access to: /opt/intel/oneapi/vtune/2023.1.0/bin64/amplxe-perf-priv
144 [22713877915328] INFO perfrun.perfcollector <> - cpu: family = 6 model = 79
144 [22713877915328] INFO perfrun.perfcollector <> - dir found: /sys/bus/event_source/devices/software
144 [22713877915328] INFO perfrun.perfcollector <> - format: pmu format subdir doesn't exist
144 [22713877915328] INFO perfrun.perfcollector <> - hwInfo: not set, pmuFam: software
144 [22713877915328] INFO perfrun.perfcollector <> - pmu added: family: software, id: 0
144 [22713877915328] INFO perfrun.perfcollector <> - dir found: /sys/bus/event_source/devices/uncore_imc_5
144 [22713877915328] INFO perfrun.perfcollector <> - format: event config:0-7 mask:0-7
144 [22713877915328] INFO perfrun.perfcollector <> - format: edge config:18 mask:18
144 [22713877915328] INFO perfrun.perfcollector <> - format: inv config:23 mask:23
144 [22713877915328] INFO perfrun.perfcollector <> - format: umask config:8-15 mask:8-15
144 [22713877915328] INFO perfrun.perfcollector <> - format: thresh config:24-31 mask:24-31
144 [22713877915328] INFO perfrun.perfcollector <> - hwInfo: PERF_IMC_PMU_DETAILS
144 [22713877915328] INFO perfrun.perfcollector <> - pmu added: family: uncore_imc, id: 5
144 [22713877915328] INFO perfrun.perfcollector <> - dir found: /sys/bus/event_source/devices/uncore_sbox_2
144 [22713877915328] INFO perfrun.perfcollector <> - format: event config:0-7 mask:0-7
144 [22713877915328] INFO perfrun.perfcollector <> - format: edge config:18 mask:18
144 [22713877915328] INFO perfrun.perfcollector <> - format: inv config:23 mask:23
144 [22713877915328] INFO perfrun.perfcollector <> - format: umask config:8-15 mask:8-15
144 [22713877915328] INFO perfrun.perfcollector <> - format: tid_en config:19 mask:19
144 [22713877915328] INFO perfrun.perfcollector <> - format: thresh config:24-31 mask:24-31
144 [22713877915328] INFO perfrun.perfcollector <> - hwInfo: not set, pmuFam: uncore_sbox
144 [22713877915328] INFO perfrun.perfcollector <> - pmu added: family: uncore_sbox, id: 2
144 [22713877915328] INFO perfrun.perfcollector <> - dir found: /sys/bus/event_source/devices/uncore_cbox_8
145 [22713877915328] INFO perfrun.perfcollector <> - format: event config:0-7 mask:0-7
145 [22713877915328] INFO perfrun.perfcollector <> - format: filter_link config1:6-8 mask:6-8
145 [22713877915328] INFO perfrun.perfcollector <> - format: filter_c6 config1:61 mask:61
145 [22713877915328] INFO perfrun.perfcollector <> - format: edge config:18 mask:18
145 [22713877915328] INFO perfrun.perfcollector <> - format: filter_isoc config1:63 mask:63
145 [22713877915328] INFO perfrun.perfcollector <> - format: filter_tid config1:0-5 mask:0-5
145 [22713877915328] INFO perfrun.perfcollector <> - format: filter_nid config1:32-47 mask:32-47
145 [22713877915328] INFO perfrun.perfcollector <> - format: filter_nc config1:62 mask:62
145 [22713877915328] INFO perfrun.perfcollector <> - format: umask config:8-15 mask:8-15
145 [22713877915328] INFO perfrun.perfcollector <> - format: tid_en config:19 mask:19
145 [22713877915328] INFO perfrun.perfcollector <> - format: thresh config:24-31 mask:24-31
145 [22713877915328] INFO perfrun.perfcollector <> - format: filter_state config1:17-23 mask:17-23
145 [22713877915328] INFO perfrun.perfcollector <> - format: filter_opc config1:52-60 mask:52-60
145 [22713877915328] INFO perfrun.perfcollector <> - hwInfo: PERF_CBOX_PMU_DETAILS
145 [22713877915328] INFO perfrun.perfcollector <> - pmu added: family: uncore_cbox, id: 8
145 [22713877915328] INFO perfrun.perfcollector <> - dir found: /sys/bus/event_source/devices/uncore_cbox_13
145 [22713877915328] INFO perfrun.perfcollector <> - format: event config:0-7 mask:0-7
145 [22713877915328] INFO perfrun.perfcollector <> - format: filter_link config1:6-8 mask:6-8
145 [22713877915328] INFO perfrun.perfcollector <> - format: filter_c6 config1:61 mask:61
145 [22713877915328] INFO perfrun.perfcollector <> - format: edge config:18 mask:18
145 [22713877915328] INFO perfrun.perfcollector <> - format: filter_isoc config1:63 mask:63
146 [22713877915328] INFO perfrun.perfcollector <> - format: filter_tid config1:0-5 mask:0-5
146 [22713877915328] INFO perfrun.perfcollector <> - format: filter_nid config1:32-47 mask:32-47
146 [22713877915328] INFO perfrun.perfcollector <> - format: filter_nc config1:62 mask:62
146 [22713877915328] INFO perfrun.perfcollector <> - format: umask config:8-15 mask:8-15
146 [22713877915328] INFO perfrun.perfcollector <> - format: tid_en config:19 mask:19
146 [22713877915328] INFO perfrun.perfcollector <> - format: thresh config:24-31 mask:24-31
146 [22713877915328] INFO perfrun.perfcollector <> - format: filter_state config1:17-23 mask:17-23
146 [22713877915328] INFO perfrun.perfcollector <> - format: filter_opc config1:52-60 mask:52-60
146 [22713877915328] INFO perfrun.perfcollector <> - hwInfo: PERF_CBOX_PMU_DETAILS
146 [22713877915328] INFO perfrun.perfcollector <> - pmu added: family: uncore_cbox, id: 13
146 [22713877915328] INFO perfrun.perfcollector <> - dir found: /sys/bus/event_source/devices/uncore_r2pcie
146 [22713877915328] INFO perfrun.perfcollector <> - format: event config:0-7 mask:0-7
146 [22713877915328] INFO perfrun.perfcollector <> - format: edge config:18 mask:18
146 [22713877915328] INFO perfrun.perfcollector <> - format: inv config:23 mask:23
146 [22713877915328] INFO perfrun.perfcollector <> - format: umask config:8-15 mask:8-15
146 [22713877915328] INFO perfrun.perfcollector <> - format: thresh config:24-31 mask:24-31
146 [22713877915328] INFO perfrun.perfcollector <> - hwInfo: not set, pmuFam: uncore_r2pcie
146 [22713877915328] INFO perfrun.perfcollector <> - pmu added: family: uncore_r2pcie, id: 0
146 [22713877915328] INFO perfrun.perfcollector <> - dir found: /sys/bus/event_source/devices/uncore_sbox_0
146 [22713877915328] INFO perfrun.perfcollector <> - format: event config:0-7 mask:0-7
146 [22713877915328] INFO perfrun.perfcollector <> - format: edge config:18 mask:18
146 [22713877915328] INFO perfrun.perfcollector <> - format: inv config:23 mask:23
147 [22713877915328] INFO perfrun.perfcollector <> - format: umask config:8-15 mask:8-15
147 [22713877915328] INFO perfrun.perfcollector <> - format: tid_en config:19 mask:19
147 [22713877915328] INFO perfrun.perfcollector <> - format: thresh config:24-31 mask:24-31
147 [22713877915328] INFO perfrun.perfcollector <> - hwInfo: not set, pmuFam: uncore_sbox
147 [22713877915328] INFO perfrun.perfcollector <> - pmu added: family: uncore_sbox, id: 0
147 [22713877915328] INFO perfrun.perfcollector <> - dir found: /sys/bus/event_source/devices/uncore_qpi_1
147 [22713877915328] INFO perfrun.perfcollector <> - format: mask_rnid4 config2:31 mask:31
147 [22713877915328] INFO perfrun.perfcollector <> - format: mask_rnid30 config2:32-35 mask:32-35
147 [22713877915328] INFO perfrun.perfcollector <> - format: match_rnid30 config1:32-35 mask:32-35
147 [22713877915328] INFO perfrun.perfcollector <> - format: event config:0-7,21 mask:0-7,21
147 [22713877915328] INFO perfrun.perfcollector <> - format: match0 config1:0-31 mask:0-31
147 [22713877915328] INFO perfrun.perfcollector <> - format: match_rds config1:48-51 mask:48-51
147 [22713877915328] INFO perfrun.perfcollector <> - format: mask_rds config2:48-51 mask:48-51
147 [22713877915328] INFO perfrun.perfcollector <> - format: edge config:18 mask:18
147 [22713877915328] INFO perfrun.perfcollector <> - format: mask1 config2:32-63 mask:32-63
147 [22713877915328] INFO perfrun.perfcollector <> - format: match_dnid config1:13-17 mask:13-17
147 [22713877915328] INFO perfrun.perfcollector <> - format: mask_dnid config2:13-17 mask:13-17
147 [22713877915328] INFO perfrun.perfcollector <> - format: match_vnw config1:3-4 mask:3-4
147 [22713877915328] INFO perfrun.perfcollector <> - format: mask_vnw config2:3-4 mask:3-4
147 [22713877915328] INFO perfrun.perfcollector <> - format: mask_mc config2:9-12 mask:9-12
147 [22713877915328] INFO perfrun.perfcollector <> - format: match1 config1:32-63 mask:32-63
147 [22713877915328] INFO perfrun.perfcollector <> - format: inv config:23 mask:23
147 [22713877915328] INFO perfrun.perfcollector <> - format: umask config:8-15 mask:8-15
148 [22713877915328] INFO perfrun.perfcollector <> - format: match_opc config1:5-8 mask:5-8
148 [22713877915328] INFO perfrun.perfcollector <> - format: mask_opc config2:5-8 mask:5-8
148 [22713877915328] INFO perfrun.perfcollector <> - format: thresh config:24-31 mask:24-31
148 [22713877915328] INFO perfrun.perfcollector <> - format: match_rnid4 config1:31 mask:31
148 [22713877915328] INFO perfrun.perfcollector <> - format: mask0 config2:0-31 mask:0-31
148 [22713877915328] INFO perfrun.perfcollector <> - format: match_mc config1:9-12 mask:9-12
148 [22713877915328] INFO perfrun.perfcollector <> - hwInfo: PERF_QPI_PMU_DETAILS
148 [22713877915328] INFO perfrun.perfcollector <> - pmu added: family: uncore_qpi, id: 1
148 [22713877915328] INFO perfrun.perfcollector <> - dir found: /sys/bus/event_source/devices/uncore_cbox_6
148 [22713877915328] INFO perfrun.perfcollector <> - format: event config:0-7 mask:0-7
148 [22713877915328] INFO perfrun.perfcollector <> - format: filter_link config1:6-8 mask:6-8
148 [22713877915328] INFO perfrun.perfcollector <> - format: filter_c6 config1:61 mask:61
148 [22713877915328] INFO perfrun.perfcollector <> - format: edge config:18 mask:18
148 [22713877915328] INFO perfrun.perfcollector <> - format: filter_isoc config1:63 mask:63
148 [22713877915328] INFO perfrun.perfcollector <> - format: filter_tid config1:0-5 mask:0-5
148 [22713877915328] INFO perfrun.perfcollector <> - format: filter_nid config1:32-47 mask:32-47
148 [22713877915328] INFO perfrun.perfcollector <> - format: filter_nc config1:62 mask:62
148 [22713877915328] INFO perfrun.perfcollector <> - format: umask config:8-15 mask:8-15
148 [22713877915328] INFO perfrun.perfcollector <> - format: tid_en config:19 mask:19
148 [22713877915328] INFO perfrun.perfcollector <> - format: thresh config:24-31 mask:24-31
148 [22713877915328] INFO perfrun.perfcollector <> - format: filter_state config1:17-23 mask:17-23
148 [22713877915328] INFO perfrun.perfcollector <> - format: filter_opc config1:52-60 mask:52-60
148 [22713877915328] INFO perfrun.perfcollector <> - hwInfo: PERF_CBOX_PMU_DETAILS
149 [22713877915328] INFO perfrun.perfcollector <> - pmu added: family: uncore_cbox, id: 6
149 [22713877915328] INFO perfrun.perfcollector <> - dir found: /sys/bus/event_source/devices/uncore_imc_1
149 [22713877915328] INFO perfrun.perfcollector <> - format: event config:0-7 mask:0-7
149 [22713877915328] INFO perfrun.perfcollector <> - format: edge config:18 mask:18
149 [22713877915328] INFO perfrun.perfcollector <> - format: inv config:23 mask:23
149 [22713877915328] INFO perfrun.perfcollector <> - format: umask config:8-15 mask:8-15
149 [22713877915328] INFO perfrun.perfcollector <> - format: thresh config:24-31 mask:24-31
149 [22713877915328] INFO perfrun.perfcollector <> - hwInfo: PERF_IMC_PMU_DETAILS
149 [22713877915328] INFO perfrun.perfcollector <> - pmu added: family: uncore_imc, id: 1
149 [22713877915328] INFO perfrun.perfcollector <> - dir found: /sys/bus/event_source/devices/power
149 [22713877915328] INFO perfrun.perfcollector <> - format: event config:0-7 mask:0-7
149 [22713877915328] INFO perfrun.perfcollector <> - hwInfo: not set, pmuFam: power
149 [22713877915328] INFO perfrun.perfcollector <> - pmu added: family: power, id: 0
149 [22713877915328] INFO perfrun.perfcollector <> - dir found: /sys/bus/event_source/devices/uncore_cbox_11
149 [22713877915328] INFO perfrun.perfcollector <> - format: event config:0-7 mask:0-7
149 [22713877915328] INFO perfrun.perfcollector <> - format: filter_link config1:6-8 mask:6-8
149 [22713877915328] INFO perfrun.perfcollector <> - format: filter_c6 config1:61 mask:61
149 [22713877915328] INFO perfrun.perfcollector <> - format: edge config:18 mask:18
149 [22713877915328] INFO perfrun.perfcollector <> - format: filter_isoc config1:63 mask:63
149 [22713877915328] INFO perfrun.perfcollector <> - format: filter_tid config1:0-5 mask:0-5
149 [22713877915328] INFO perfrun.perfcollector <> - format: filter_nid config1:32-47 mask:32-47
149 [22713877915328] INFO perfrun.perfcollector <> - format: filter_nc config1:62 mask:62
149 [22713877915328] INFO perfrun.perfcollector <> - format: umask config:8-15 mask:8-15
149 [22713877915328] INFO perfrun.perfcollector <> - format: tid_en config:19 mask:19
149 [22713877915328] INFO perfrun.perfcollector <> - format: thresh config:24-31 mask:24-31
149 [22713877915328] INFO perfrun.perfcollector <> - format: filter_state config1:17-23 mask:17-23
150 [22713877915328] INFO perfrun.perfcollector <> - format: filter_opc config1:52-60 mask:52-60
150 [22713877915328] INFO perfrun.perfcollector <> - hwInfo: PERF_CBOX_PMU_DETAILS
150 [22713877915328] INFO perfrun.perfcollector <> - pmu added: family: uncore_cbox, id: 11
150 [22713877915328] INFO perfrun.perfcollector <> - dir found: /sys/bus/event_source/devices/uncore_cbox_4
150 [22713877915328] INFO perfrun.perfcollector <> - format: event config:0-7 mask:0-7
150 [22713877915328] INFO perfrun.perfcollector <> - format: filter_link config1:6-8 mask:6-8
150 [22713877915328] INFO perfrun.perfcollector <> - format: filter_c6 config1:61 mask:61
150 [22713877915328] INFO perfrun.perfcollector <> - format: edge config:18 mask:18
150 [22713877915328] INFO perfrun.perfcollector <> - format: filter_isoc config1:63 mask:63
150 [22713877915328] INFO perfrun.perfcollector <> - format: filter_tid config1:0-5 mask:0-5
150 [22713877915328] INFO perfrun.perfcollector <> - format: filter_nid config1:32-47 mask:32-47
150 [22713877915328] INFO perfrun.perfcollector <> - format: filter_nc config1:62 mask:62
150 [22713877915328] INFO perfrun.perfcollector <> - format: umask config:8-15 mask:8-15
150 [22713877915328] INFO perfrun.perfcollector <> - format: tid_en config:19 mask:19
150 [22713877915328] INFO perfrun.perfcollector <> - format: thresh config:24-31 mask:24-31
150 [22713877915328] INFO perfrun.perfcollector <> - format: filter_state config1:17-23 mask:17-23
150 [22713877915328] INFO perfrun.perfcollector <> - format: filter_opc config1:52-60 mask:52-60
150 [22713877915328] INFO perfrun.perfcollector <> - hwInfo: PERF_CBOX_PMU_DETAILS
150 [22713877915328] INFO perfrun.perfcollector <> - pmu added: family: uncore_cbox, id: 4
150 [22713877915328] INFO perfrun.perfcollector <> - dir found: /sys/bus/event_source/devices/uprobe
150 [22713877915328] INFO perfrun.perfcollector <> - format: ref_ctr_offset config:32-63 mask:32-63
150 [22713877915328] INFO perfrun.perfcollector <> - format: retprobe config:0 mask:0
150 [22713877915328] INFO perfrun.perfcollector <> - hwInfo: not set, pmuFam: uprobe
150 [22713877915328] INFO perfrun.perfcollector <> - pmu added: family: uprobe, id: 0
150 [22713877915328] INFO perfrun.perfcollector <> - dir found: /sys/bus/event_source/devices/intel_bts
151 [22713877915328] INFO perfrun.perfcollector <> - format: pmu format subdir doesn't exist
151 [22713877915328] INFO perfrun.perfcollector <> - hwInfo: not set, pmuFam: intel_bts
151 [22713877915328] INFO perfrun.perfcollector <> - pmu added: family: intel_bts, id: 0
151 [22713877915328] INFO perfrun.perfcollector <> - dir found: /sys/bus/event_source/devices/cpu
151 [22713877915328] INFO perfrun.perfcollector <> - format: event config:0-7 mask:0-7
151 [22713877915328] INFO perfrun.perfcollector <> - format: pc config:19 mask:19
151 [22713877915328] INFO perfrun.perfcollector <> - format: in_tx config:32 mask:32
151 [22713877915328] INFO perfrun.perfcollector <> - format: edge config:18 mask:18
151 [22713877915328] INFO perfrun.perfcollector <> - format: any config:21 mask:21
151 [22713877915328] INFO perfrun.perfcollector <> - format: offcore_rsp config1:0-63 mask:0-63
151 [22713877915328] INFO perfrun.perfcollector <> - format: in_tx_cp config:33 mask:33
151 [22713877915328] INFO perfrun.perfcollector <> - format: ldlat config1:0-15 mask:0-15
151 [22713877915328] INFO perfrun.perfcollector <> - format: inv config:23 mask:23
151 [22713877915328] INFO perfrun.perfcollector <> - format: umask config:8-15 mask:8-15
151 [22713877915328] INFO perfrun.perfcollector <> - format: cmask config:24-31 mask:24-31
151 [22713877915328] INFO perfrun.perfcollector <> - hwInfo: PERF_CPU_PMU_DETAILS
151 [22713877915328] INFO perfrun.perfcollector <> - pmu added: family: cpu, id: 0
151 [22713877915328] INFO perfrun.perfcollector <> - dir found: /sys/bus/event_source/devices/uncore_r3qpi_0
151 [22713877915328] INFO perfrun.perfcollector <> - format: event config:0-7 mask:0-7
151 [22713877915328] INFO perfrun.perfcollector <> - format: edge config:18 mask:18
151 [22713877915328] INFO perfrun.perfcollector <> - format: inv config:23 mask:23
151 [22713877915328] INFO perfrun.perfcollector <> - format: umask config:8-15 mask:8-15
151 [22713877915328] INFO perfrun.perfcollector <> - format: thresh config:24-31 mask:24-31
151 [22713877915328] INFO perfrun.perfcollector <> - hwInfo: not set, pmuFam: uncore_r3qpi
151 [22713877915328] INFO perfrun.perfcollector <> - pmu added: family: uncore_r3qpi, id: 0
151 [22713877915328] INFO perfrun.perfcollector <> - dir found: /sys/bus/event_source/devices/cstate_core
152 [22713877915328] INFO perfrun.perfcollector <> - format: event config:0-63 mask:0-63
152 [22713877915328] INFO perfrun.perfcollector <> - hwInfo: not set, pmuFam: cstate_core
152 [22713877915328] INFO perfrun.perfcollector <> - pmu added: family: cstate_core, id: 0
152 [22713877915328] INFO perfrun.perfcollector <> - dir found: /sys/bus/event_source/devices/uncore_cbox_2
152 [22713877915328] INFO perfrun.perfcollector <> - format: event config:0-7 mask:0-7
152 [22713877915328] INFO perfrun.perfcollector <> - format: filter_link config1:6-8 mask:6-8
152 [22713877915328] INFO perfrun.perfcollector <> - format: filter_c6 config1:61 mask:61
152 [22713877915328] INFO perfrun.perfcollector <> - format: edge config:18 mask:18
152 [22713877915328] INFO perfrun.perfcollector <> - format: filter_isoc config1:63 mask:63
152 [22713877915328] INFO perfrun.perfcollector <> - format: filter_tid config1:0-5 mask:0-5
152 [22713877915328] INFO perfrun.perfcollector <> - format: filter_nid config1:32-47 mask:32-47
152 [22713877915328] INFO perfrun.perfcollector <> - format: filter_nc config1:62 mask:62
152 [22713877915328] INFO perfrun.perfcollector <> - format: umask config:8-15 mask:8-15
152 [22713877915328] INFO perfrun.perfcollector <> - format: tid_en config:19 mask:19
152 [22713877915328] INFO perfrun.perfcollector <> - format: thresh config:24-31 mask:24-31
152 [22713877915328] INFO perfrun.perfcollector <> - format: filter_state config1:17-23 mask:17-23
152 [22713877915328] INFO perfrun.perfcollector <> - format: filter_opc config1:52-60 mask:52-60
152 [22713877915328] INFO perfrun.perfcollector <> - hwInfo: PERF_CBOX_PMU_DETAILS
152 [22713877915328] INFO perfrun.perfcollector <> - pmu added: family: uncore_cbox, id: 2
152 [22713877915328] INFO perfrun.perfcollector <> - dir found: /sys/bus/event_source/devices/breakpoint
152 [22713877915328] INFO perfrun.perfcollector <> - format: pmu format subdir doesn't exist
152 [22713877915328] INFO perfrun.perfcollector <> - hwInfo: not set, pmuFam: breakpoint
152 [22713877915328] INFO perfrun.perfcollector <> - pmu added: family: breakpoint, id: 0
152 [22713877915328] INFO perfrun.perfcollector <> - dir found: /sys/bus/event_source/devices/uncore_ha_0
152 [22713877915328] INFO perfrun.perfcollector <> - format: event config:0-7 mask:0-7
153 [22713877915328] INFO perfrun.perfcollector <> - format: edge config:18 mask:18
153 [22713877915328] INFO perfrun.perfcollector <> - format: inv config:23 mask:23
153 [22713877915328] INFO perfrun.perfcollector <> - format: umask config:8-15 mask:8-15
153 [22713877915328] INFO perfrun.perfcollector <> - format: thresh config:24-31 mask:24-31
153 [22713877915328] INFO perfrun.perfcollector <> - hwInfo: not set, pmuFam: uncore_ha
153 [22713877915328] INFO perfrun.perfcollector <> - pmu added: family: uncore_ha, id: 0
153 [22713877915328] INFO perfrun.perfcollector <> - dir found: /sys/bus/event_source/devices/uncore_cbox_0
153 [22713877915328] INFO perfrun.perfcollector <> - format: event config:0-7 mask:0-7
153 [22713877915328] INFO perfrun.perfcollector <> - format: filter_link config1:6-8 mask:6-8
153 [22713877915328] INFO perfrun.perfcollector <> - format: filter_c6 config1:61 mask:61
153 [22713877915328] INFO perfrun.perfcollector <> - format: edge config:18 mask:18
153 [22713877915328] INFO perfrun.perfcollector <> - format: filter_isoc config1:63 mask:63
153 [22713877915328] INFO perfrun.perfcollector <> - format: filter_tid config1:0-5 mask:0-5
153 [22713877915328] INFO perfrun.perfcollector <> - format: filter_nid config1:32-47 mask:32-47
153 [22713877915328] INFO perfrun.perfcollector <> - format: filter_nc config1:62 mask:62
153 [22713877915328] INFO perfrun.perfcollector <> - format: umask config:8-15 mask:8-15
153 [22713877915328] INFO perfrun.perfcollector <> - format: tid_en config:19 mask:19
153 [22713877915328] INFO perfrun.perfcollector <> - format: thresh config:24-31 mask:24-31
153 [22713877915328] INFO perfrun.perfcollector <> - format: filter_state config1:17-23 mask:17-23
153 [22713877915328] INFO perfrun.perfcollector <> - format: filter_opc config1:52-60 mask:52-60
153 [22713877915328] INFO perfrun.perfcollector <> - hwInfo: PERF_CBOX_PMU_DETAILS
153 [22713877915328] INFO perfrun.perfcollector <> - pmu added: family: uncore_cbox, id: 0
153 [22713877915328] INFO perfrun.perfcollector <> - dir found: /sys/bus/event_source/devices/tracepoint
153 [22713877915328] INFO perfrun.perfcollector <> - format: pmu format subdir doesn't exist
153 [22713877915328] INFO perfrun.perfcollector <> - hwInfo: not set, pmuFam: tracepoint
153 [22713877915328] INFO perfrun.perfcollector <> - pmu added: family: tracepoint, id: 0
153 [22713877915328] INFO perfrun.perfcollector <> - dir found: /sys/bus/event_source/devices/uncore_sbox_3
154 [22713877915328] INFO perfrun.perfcollector <> - format: event config:0-7 mask:0-7
154 [22713877915328] INFO perfrun.perfcollector <> - format: edge config:18 mask:18
154 [22713877915328] INFO perfrun.perfcollector <> - format: inv config:23 mask:23
154 [22713877915328] INFO perfrun.perfcollector <> - format: umask config:8-15 mask:8-15
154 [22713877915328] INFO perfrun.perfcollector <> - format: tid_en config:19 mask:19
154 [22713877915328] INFO perfrun.perfcollector <> - format: thresh config:24-31 mask:24-31
154 [22713877915328] INFO perfrun.perfcollector <> - hwInfo: not set, pmuFam: uncore_sbox
154 [22713877915328] INFO perfrun.perfcollector <> - pmu added: family: uncore_sbox, id: 3
154 [22713877915328] INFO perfrun.perfcollector <> - dir found: /sys/bus/event_source/devices/uncore_cbox_9
154 [22713877915328] INFO perfrun.perfcollector <> - format: event config:0-7 mask:0-7
154 [22713877915328] INFO perfrun.perfcollector <> - format: filter_link config1:6-8 mask:6-8
154 [22713877915328] INFO perfrun.perfcollector <> - format: filter_c6 config1:61 mask:61
154 [22713877915328] INFO perfrun.perfcollector <> - format: edge config:18 mask:18
154 [22713877915328] INFO perfrun.perfcollector <> - format: filter_isoc config1:63 mask:63
154 [22713877915328] INFO perfrun.perfcollector <> - format: filter_tid config1:0-5 mask:0-5
154 [22713877915328] INFO perfrun.perfcollector <> - format: filter_nid config1:32-47 mask:32-47
154 [22713877915328] INFO perfrun.perfcollector <> - format: filter_nc config1:62 mask:62
154 [22713877915328] INFO perfrun.perfcollector <> - format: umask config:8-15 mask:8-15
154 [22713877915328] INFO perfrun.perfcollector <> - format: tid_en config:19 mask:19
154 [22713877915328] INFO perfrun.perfcollector <> - format: thresh config:24-31 mask:24-31
154 [22713877915328] INFO perfrun.perfcollector <> - format: filter_state config1:17-23 mask:17-23
154 [22713877915328] INFO perfrun.perfcollector <> - format: filter_opc config1:52-60 mask:52-60
154 [22713877915328] INFO perfrun.perfcollector <> - hwInfo: PERF_CBOX_PMU_DETAILS
154 [22713877915328] INFO perfrun.perfcollector <> - pmu added: family: uncore_cbox, id: 9
154 [22713877915328] INFO perfrun.perfcollector <> - dir found: /sys/bus/event_source/devices/cstate_pkg
155 [22713877915328] INFO perfrun.perfcollector <> - format: event config:0-63 mask:0-63
155 [22713877915328] INFO perfrun.perfcollector <> - hwInfo: not set, pmuFam: cstate_pkg
155 [22713877915328] INFO perfrun.perfcollector <> - pmu added: family: cstate_pkg, id: 0
155 [22713877915328] INFO perfrun.perfcollector <> - dir found: /sys/bus/event_source/devices/uncore_imc_4
155 [22713877915328] INFO perfrun.perfcollector <> - format: event config:0-7 mask:0-7
155 [22713877915328] INFO perfrun.perfcollector <> - format: edge config:18 mask:18
155 [22713877915328] INFO perfrun.perfcollector <> - format: inv config:23 mask:23
155 [22713877915328] INFO perfrun.perfcollector <> - format: umask config:8-15 mask:8-15
155 [22713877915328] INFO perfrun.perfcollector <> - format: thresh config:24-31 mask:24-31
155 [22713877915328] INFO perfrun.perfcollector <> - hwInfo: PERF_IMC_PMU_DETAILS
155 [22713877915328] INFO perfrun.perfcollector <> - pmu added: family: uncore_imc, id: 4
155 [22713877915328] INFO perfrun.perfcollector <> - dir found: /sys/bus/event_source/devices/uncore_ubox
155 [22713877915328] INFO perfrun.perfcollector <> - format: event config:0-7 mask:0-7
155 [22713877915328] INFO perfrun.perfcollector <> - format: edge config:18 mask:18
155 [22713877915328] INFO perfrun.perfcollector <> - format: inv config:23 mask:23
155 [22713877915328] INFO perfrun.perfcollector <> - format: umask config:8-15 mask:8-15
155 [22713877915328] INFO perfrun.perfcollector <> - format: thresh config:24-28 mask:24-28
155 [22713877915328] INFO perfrun.perfcollector <> - hwInfo: not set, pmuFam: uncore_ubox
155 [22713877915328] INFO perfrun.perfcollector <> - pmu added: family: uncore_ubox, id: 0
155 [22713877915328] INFO perfrun.perfcollector <> - dir found: /sys/bus/event_source/devices/uncore_sbox_1
155 [22713877915328] INFO perfrun.perfcollector <> - format: event config:0-7 mask:0-7
155 [22713877915328] INFO perfrun.perfcollector <> - format: edge config:18 mask:18
155 [22713877915328] INFO perfrun.perfcollector <> - format: inv config:23 mask:23
155 [22713877915328] INFO perfrun.perfcollector <> - format: umask config:8-15 mask:8-15
156 [22713877915328] INFO perfrun.perfcollector <> - format: tid_en config:19 mask:19
156 [22713877915328] INFO perfrun.perfcollector <> - format: thresh config:24-31 mask:24-31
156 [22713877915328] INFO perfrun.perfcollector <> - hwInfo: not set, pmuFam: uncore_sbox
156 [22713877915328] INFO perfrun.perfcollector <> - pmu added: family: uncore_sbox, id: 1
156 [22713877915328] INFO perfrun.perfcollector <> - dir found: /sys/bus/event_source/devices/uncore_cbox_7
156 [22713877915328] INFO perfrun.perfcollector <> - format: event config:0-7 mask:0-7
156 [22713877915328] INFO perfrun.perfcollector <> - format: filter_link config1:6-8 mask:6-8
156 [22713877915328] INFO perfrun.perfcollector <> - format: filter_c6 config1:61 mask:61
156 [22713877915328] INFO perfrun.perfcollector <> - format: edge config:18 mask:18
156 [22713877915328] INFO perfrun.perfcollector <> - format: filter_isoc config1:63 mask:63
156 [22713877915328] INFO perfrun.perfcollector <> - format: filter_tid config1:0-5 mask:0-5
156 [22713877915328] INFO perfrun.perfcollector <> - format: filter_nid config1:32-47 mask:32-47
156 [22713877915328] INFO perfrun.perfcollector <> - format: filter_nc config1:62 mask:62
156 [22713877915328] INFO perfrun.perfcollector <> - format: umask config:8-15 mask:8-15
156 [22713877915328] INFO perfrun.perfcollector <> - format: tid_en config:19 mask:19
156 [22713877915328] INFO perfrun.perfcollector <> - format: thresh config:24-31 mask:24-31
156 [22713877915328] INFO perfrun.perfcollector <> - format: filter_state config1:17-23 mask:17-23
156 [22713877915328] INFO perfrun.perfcollector <> - format: filter_opc config1:52-60 mask:52-60
156 [22713877915328] INFO perfrun.perfcollector <> - hwInfo: PERF_CBOX_PMU_DETAILS
156 [22713877915328] INFO perfrun.perfcollector <> - pmu added: family: uncore_cbox, id: 7
156 [22713877915328] INFO perfrun.perfcollector <> - dir found: /sys/bus/event_source/devices/uncore_cbox_12
156 [22713877915328] INFO perfrun.perfcollector <> - format: event config:0-7 mask:0-7
156 [22713877915328] INFO perfrun.perfcollector <> - format: filter_link config1:6-8 mask:6-8
156 [22713877915328] INFO perfrun.perfcollector <> - format: filter_c6 config1:61 mask:61
156 [22713877915328] INFO perfrun.perfcollector <> - format: edge config:18 mask:18
157 [22713877915328] INFO perfrun.perfcollector <> - format: filter_isoc config1:63 mask:63
157 [22713877915328] INFO perfrun.perfcollector <> - format: filter_tid config1:0-5 mask:0-5
157 [22713877915328] INFO perfrun.perfcollector <> - format: filter_nid config1:32-47 mask:32-47
157 [22713877915328] INFO perfrun.perfcollector <> - format: filter_nc config1:62 mask:62
157 [22713877915328] INFO perfrun.perfcollector <> - format: umask config:8-15 mask:8-15
157 [22713877915328] INFO perfrun.perfcollector <> - format: tid_en config:19 mask:19
157 [22713877915328] INFO perfrun.perfcollector <> - format: thresh config:24-31 mask:24-31
157 [22713877915328] INFO perfrun.perfcollector <> - format: filter_state config1:17-23 mask:17-23
157 [22713877915328] INFO perfrun.perfcollector <> - format: filter_opc config1:52-60 mask:52-60
157 [22713877915328] INFO perfrun.perfcollector <> - hwInfo: PERF_CBOX_PMU_DETAILS
157 [22713877915328] INFO perfrun.perfcollector <> - pmu added: family: uncore_cbox, id: 12
157 [22713877915328] INFO perfrun.perfcollector <> - dir found: /sys/bus/event_source/devices/kprobe
157 [22713877915328] INFO perfrun.perfcollector <> - format: retprobe config:0 mask:0
157 [22713877915328] INFO perfrun.perfcollector <> - hwInfo: not set, pmuFam: kprobe
157 [22713877915328] INFO perfrun.perfcollector <> - pmu added: family: kprobe, id: 0
157 [22713877915328] INFO perfrun.perfcollector <> - dir found: /sys/bus/event_source/devices/uncore_qpi_0
157 [22713877915328] INFO perfrun.perfcollector <> - format: mask_rnid4 config2:31 mask:31
157 [22713877915328] INFO perfrun.perfcollector <> - format: mask_rnid30 config2:32-35 mask:32-35
157 [22713877915328] INFO perfrun.perfcollector <> - format: match_rnid30 config1:32-35 mask:32-35
157 [22713877915328] INFO perfrun.perfcollector <> - format: event config:0-7,21 mask:0-7,21
157 [22713877915328] INFO perfrun.perfcollector <> - format: match0 config1:0-31 mask:0-31
157 [22713877915328] INFO perfrun.perfcollector <> - format: match_rds config1:48-51 mask:48-51
157 [22713877915328] INFO perfrun.perfcollector <> - format: mask_rds config2:48-51 mask:48-51
157 [22713877915328] INFO perfrun.perfcollector <> - format: edge config:18 mask:18
157 [22713877915328] INFO perfrun.perfcollector <> - format: mask1 config2:32-63 mask:32-63
157 [22713877915328] INFO perfrun.perfcollector <> - format: match_dnid config1:13-17 mask:13-17
158 [22713877915328] INFO perfrun.perfcollector <> - format: mask_dnid config2:13-17 mask:13-17
158 [22713877915328] INFO perfrun.perfcollector <> - format: match_vnw config1:3-4 mask:3-4
158 [22713877915328] INFO perfrun.perfcollector <> - format: mask_vnw config2:3-4 mask:3-4
158 [22713877915328] INFO perfrun.perfcollector <> - format: mask_mc config2:9-12 mask:9-12
158 [22713877915328] INFO perfrun.perfcollector <> - format: match1 config1:32-63 mask:32-63
158 [22713877915328] INFO perfrun.perfcollector <> - format: inv config:23 mask:23
158 [22713877915328] INFO perfrun.perfcollector <> - format: umask config:8-15 mask:8-15
158 [22713877915328] INFO perfrun.perfcollector <> - format: match_opc config1:5-8 mask:5-8
158 [22713877915328] INFO perfrun.perfcollector <> - format: mask_opc config2:5-8 mask:5-8
158 [22713877915328] INFO perfrun.perfcollector <> - format: thresh config:24-31 mask:24-31
158 [22713877915328] INFO perfrun.perfcollector <> - format: match_rnid4 config1:31 mask:31
158 [22713877915328] INFO perfrun.perfcollector <> - format: mask0 config2:0-31 mask:0-31
158 [22713877915328] INFO perfrun.perfcollector <> - format: match_mc config1:9-12 mask:9-12
158 [22713877915328] INFO perfrun.perfcollector <> - hwInfo: PERF_QPI_PMU_DETAILS
158 [22713877915328] INFO perfrun.perfcollector <> - pmu added: family: uncore_qpi, id: 0
158 [22713877915328] INFO perfrun.perfcollector <> - dir found: /sys/bus/event_source/devices/uncore_cbox_5
158 [22713877915328] INFO perfrun.perfcollector <> - format: event config:0-7 mask:0-7
158 [22713877915328] INFO perfrun.perfcollector <> - format: filter_link config1:6-8 mask:6-8
158 [22713877915328] INFO perfrun.perfcollector <> - format: filter_c6 config1:61 mask:61
158 [22713877915328] INFO perfrun.perfcollector <> - format: edge config:18 mask:18
158 [22713877915328] INFO perfrun.perfcollector <> - format: filter_isoc config1:63 mask:63
158 [22713877915328] INFO perfrun.perfcollector <> - format: filter_tid config1:0-5 mask:0-5
158 [22713877915328] INFO perfrun.perfcollector <> - format: filter_nid config1:32-47 mask:32-47
158 [22713877915328] INFO perfrun.perfcollector <> - format: filter_nc config1:62 mask:62
159 [22713877915328] INFO perfrun.perfcollector <> - format: umask config:8-15 mask:8-15
159 [22713877915328] INFO perfrun.perfcollector <> - format: tid_en config:19 mask:19
159 [22713877915328] INFO perfrun.perfcollector <> - format: thresh config:24-31 mask:24-31
159 [22713877915328] INFO perfrun.perfcollector <> - format: filter_state config1:17-23 mask:17-23
159 [22713877915328] INFO perfrun.perfcollector <> - format: filter_opc config1:52-60 mask:52-60
159 [22713877915328] INFO perfrun.perfcollector <> - hwInfo: PERF_CBOX_PMU_DETAILS
159 [22713877915328] INFO perfrun.perfcollector <> - pmu added: family: uncore_cbox, id: 5
159 [22713877915328] INFO perfrun.perfcollector <> - dir found: /sys/bus/event_source/devices/uncore_imc_0
159 [22713877915328] INFO perfrun.perfcollector <> - format: event config:0-7 mask:0-7
159 [22713877915328] INFO perfrun.perfcollector <> - format: edge config:18 mask:18
159 [22713877915328] INFO perfrun.perfcollector <> - format: inv config:23 mask:23
159 [22713877915328] INFO perfrun.perfcollector <> - format: umask config:8-15 mask:8-15
159 [22713877915328] INFO perfrun.perfcollector <> - format: thresh config:24-31 mask:24-31
159 [22713877915328] INFO perfrun.perfcollector <> - hwInfo: PERF_IMC_PMU_DETAILS
159 [22713877915328] INFO perfrun.perfcollector <> - pmu added: family: uncore_imc, id: 0
159 [22713877915328] INFO perfrun.perfcollector <> - dir found: /sys/bus/event_source/devices/uncore_cbox_10
159 [22713877915328] INFO perfrun.perfcollector <> - format: event config:0-7 mask:0-7
159 [22713877915328] INFO perfrun.perfcollector <> - format: filter_link config1:6-8 mask:6-8
159 [22713877915328] INFO perfrun.perfcollector <> - format: filter_c6 config1:61 mask:61
159 [22713877915328] INFO perfrun.perfcollector <> - format: edge config:18 mask:18
159 [22713877915328] INFO perfrun.perfcollector <> - format: filter_isoc config1:63 mask:63
159 [22713877915328] INFO perfrun.perfcollector <> - format: filter_tid config1:0-5 mask:0-5
159 [22713877915328] INFO perfrun.perfcollector <> - format: filter_nid config1:32-47 mask:32-47
159 [22713877915328] INFO perfrun.perfcollector <> - format: filter_nc config1:62 mask:62
159 [22713877915328] INFO perfrun.perfcollector <> - format: umask config:8-15 mask:8-15
159 [22713877915328] INFO perfrun.perfcollector <> - format: tid_en config:19 mask:19
160 [22713877915328] INFO perfrun.perfcollector <> - format: thresh config:24-31 mask:24-31
160 [22713877915328] INFO perfrun.perfcollector <> - format: filter_state config1:17-23 mask:17-23
160 [22713877915328] INFO perfrun.perfcollector <> - format: filter_opc config1:52-60 mask:52-60
160 [22713877915328] INFO perfrun.perfcollector <> - hwInfo: PERF_CBOX_PMU_DETAILS
160 [22713877915328] INFO perfrun.perfcollector <> - pmu added: family: uncore_cbox, id: 10
160 [22713877915328] INFO perfrun.perfcollector <> - dir found: /sys/bus/event_source/devices/uncore_pcu
160 [22713877915328] INFO perfrun.perfcollector <> - format: filter_band2 config1:16-23 mask:16-23
160 [22713877915328] INFO perfrun.perfcollector <> - format: event config:0-7 mask:0-7
160 [22713877915328] INFO perfrun.perfcollector <> - format: filter_band0 config1:0-7 mask:0-7
160 [22713877915328] INFO perfrun.perfcollector <> - format: edge config:18 mask:18
160 [22713877915328] INFO perfrun.perfcollector <> - format: occ_invert config:30 mask:30
160 [22713877915328] INFO perfrun.perfcollector <> - format: occ_edge config:14-51 mask:14-51
160 [22713877915328] INFO perfrun.perfcollector <> - format: filter_band3 config1:24-31 mask:24-31
160 [22713877915328] INFO perfrun.perfcollector <> - format: filter_band1 config1:8-15 mask:8-15
160 [22713877915328] INFO perfrun.perfcollector <> - format: inv config:23 mask:23
160 [22713877915328] INFO perfrun.perfcollector <> - format: thresh config:24-28 mask:24-28
160 [22713877915328] INFO perfrun.perfcollector <> - format: occ_sel config:14-15 mask:14-15
160 [22713877915328] INFO perfrun.perfcollector <> - hwInfo: not set, pmuFam: uncore_pcu
160 [22713877915328] INFO perfrun.perfcollector <> - pmu added: family: uncore_pcu, id: 0
160 [22713877915328] INFO perfrun.perfcollector <> - dir found: /sys/bus/event_source/devices/uncore_r3qpi_1
160 [22713877915328] INFO perfrun.perfcollector <> - format: event config:0-7 mask:0-7
160 [22713877915328] INFO perfrun.perfcollector <> - format: edge config:18 mask:18
160 [22713877915328] INFO perfrun.perfcollector <> - format: inv config:23 mask:23
160 [22713877915328] INFO perfrun.perfcollector <> - format: umask config:8-15 mask:8-15
160 [22713877915328] INFO perfrun.perfcollector <> - format: thresh config:24-31 mask:24-31
160 [22713877915328] INFO perfrun.perfcollector <> - hwInfo: not set, pmuFam: uncore_r3qpi
160 [22713877915328] INFO perfrun.perfcollector <> - pmu added: family: uncore_r3qpi, id: 1
160 [22713877915328] INFO perfrun.perfcollector <> - dir found: /sys/bus/event_source/devices/msr
161 [22713877915328] INFO perfrun.perfcollector <> - format: event config:0-63 mask:0-63
161 [22713877915328] INFO perfrun.perfcollector <> - hwInfo: not set, pmuFam: msr
161 [22713877915328] INFO perfrun.perfcollector <> - pmu added: family: msr, id: 0
161 [22713877915328] INFO perfrun.perfcollector <> - dir found: /sys/bus/event_source/devices/uncore_cbox_3
161 [22713877915328] INFO perfrun.perfcollector <> - format: event config:0-7 mask:0-7
161 [22713877915328] INFO perfrun.perfcollector <> - format: filter_link config1:6-8 mask:6-8
161 [22713877915328] INFO perfrun.perfcollector <> - format: filter_c6 config1:61 mask:61
161 [22713877915328] INFO perfrun.perfcollector <> - format: edge config:18 mask:18
161 [22713877915328] INFO perfrun.perfcollector <> - format: filter_isoc config1:63 mask:63
161 [22713877915328] INFO perfrun.perfcollector <> - format: filter_tid config1:0-5 mask:0-5
161 [22713877915328] INFO perfrun.perfcollector <> - format: filter_nid config1:32-47 mask:32-47
161 [22713877915328] INFO perfrun.perfcollector <> - format: filter_nc config1:62 mask:62
161 [22713877915328] INFO perfrun.perfcollector <> - format: umask config:8-15 mask:8-15
161 [22713877915328] INFO perfrun.perfcollector <> - format: tid_en config:19 mask:19
161 [22713877915328] INFO perfrun.perfcollector <> - format: thresh config:24-31 mask:24-31
161 [22713877915328] INFO perfrun.perfcollector <> - format: filter_state config1:17-23 mask:17-23
161 [22713877915328] INFO perfrun.perfcollector <> - format: filter_opc config1:52-60 mask:52-60
161 [22713877915328] INFO perfrun.perfcollector <> - hwInfo: PERF_CBOX_PMU_DETAILS
161 [22713877915328] INFO perfrun.perfcollector <> - pmu added: family: uncore_cbox, id: 3
161 [22713877915328] INFO perfrun.perfcollector <> - dir found: /sys/bus/event_source/devices/intel_pt
161 [22713877915328] INFO perfrun.perfcollector <> - format: ptw config:12 mask:12
161 [22713877915328] INFO perfrun.perfcollector <> - format: event config:31 mask:31
161 [22713877915328] INFO perfrun.perfcollector <> - format: cyc_thresh config:19-22 mask:19-22
161 [22713877915328] INFO perfrun.perfcollector <> - format: pt config:0 mask:0
161 [22713877915328] INFO perfrun.perfcollector <> - format: notnt config:55 mask:55
161 [22713877915328] INFO perfrun.perfcollector <> - format: branch config:13 mask:13
161 [22713877915328] INFO perfrun.perfcollector <> - format: tsc config:10 mask:10
161 [22713877915328] INFO perfrun.perfcollector <> - format: pwr_evt config:4 mask:4
161 [22713877915328] INFO perfrun.perfcollector <> - format: fup_on_ptw config:5 mask:5
161 [22713877915328] INFO perfrun.perfcollector <> - format: cyc config:1 mask:1
161 [22713877915328] INFO perfrun.perfcollector <> - format: noretcomp config:11 mask:11
162 [22713877915328] INFO perfrun.perfcollector <> - format: mtc config:9 mask:9
162 [22713877915328] INFO perfrun.perfcollector <> - format: psb_period config:24-27 mask:24-27
162 [22713877915328] INFO perfrun.perfcollector <> - format: mtc_period config:14-17 mask:14-17
162 [22713877915328] INFO perfrun.perfcollector <> - hwInfo: not set, pmuFam: intel_pt
162 [22713877915328] INFO perfrun.perfcollector <> - pmu added: family: intel_pt, id: 0
162 [22713877915328] INFO perfrun.perfcollector <> - dir found: /sys/bus/event_source/devices/uncore_ha_1
162 [22713877915328] INFO perfrun.perfcollector <> - format: event config:0-7 mask:0-7
162 [22713877915328] INFO perfrun.perfcollector <> - format: edge config:18 mask:18
162 [22713877915328] INFO perfrun.perfcollector <> - format: inv config:23 mask:23
162 [22713877915328] INFO perfrun.perfcollector <> - format: umask config:8-15 mask:8-15
162 [22713877915328] INFO perfrun.perfcollector <> - format: thresh config:24-31 mask:24-31
162 [22713877915328] INFO perfrun.perfcollector <> - hwInfo: not set, pmuFam: uncore_ha
162 [22713877915328] INFO perfrun.perfcollector <> - pmu added: family: uncore_ha, id: 1
162 [22713877915328] INFO perfrun.perfcollector <> - dir found: /sys/bus/event_source/devices/uncore_cbox_1
162 [22713877915328] INFO perfrun.perfcollector <> - format: event config:0-7 mask:0-7
162 [22713877915328] INFO perfrun.perfcollector <> - format: filter_link config1:6-8 mask:6-8
162 [22713877915328] INFO perfrun.perfcollector <> - format: filter_c6 config1:61 mask:61
162 [22713877915328] INFO perfrun.perfcollector <> - format: edge config:18 mask:18
162 [22713877915328] INFO perfrun.perfcollector <> - format: filter_isoc config1:63 mask:63
162 [22713877915328] INFO perfrun.perfcollector <> - format: filter_tid config1:0-5 mask:0-5
162 [22713877915328] INFO perfrun.perfcollector <> - format: filter_nid config1:32-47 mask:32-47
162 [22713877915328] INFO perfrun.perfcollector <> - format: filter_nc config1:62 mask:62
162 [22713877915328] INFO perfrun.perfcollector <> - format: umask config:8-15 mask:8-15
162 [22713877915328] INFO perfrun.perfcollector <> - format: tid_en config:19 mask:19
162 [22713877915328] INFO perfrun.perfcollector <> - format: thresh config:24-31 mask:24-31
162 [22713877915328] INFO perfrun.perfcollector <> - format: filter_state config1:17-23 mask:17-23
162 [22713877915328] INFO perfrun.perfcollector <> - format: filter_opc config1:52-60 mask:52-60
162 [22713877915328] INFO perfrun.perfcollector <> - hwInfo: PERF_CBOX_PMU_DETAILS
162 [22713877915328] INFO perfrun.perfcollector <> - pmu added: family: uncore_cbox, id: 1
163 [22713877915328] INFO perfrun.sdk <> - runCmd: /opt/intel/oneapi/vtune/2023.1.0/bin64/sep -dry-run -sam 1 -ec CPU_CLK_UNHALTED.THREAD,CPU_CLK_UNHALTED.REF_TSC:sample:sa=2400000,INST_RETIRED.ANY:sample:sa=2400000,CPU_CLK_UNHALTED.REF_XCLK,CPU_CLK_UNHALTED.ONE_THREAD_ACTIVE,FP_ARITH_INST_RETIRED.SCALAR_SINGLE,FP_ARITH_INST_RETIRED.128B_PACKED_SINGLE,FP_ARITH_INST_RETIRED.256B_PACKED_SINGLE,FP_ARITH_INST_RETIRED.SCALAR_DOUBLE,FP_ARITH_INST_RETIRED.128B_PACKED_DOUBLE,FP_ARITH_INST_RETIRED.256B_PACKED_DOUBLE,INST_RETIRED.X87,UOPS_RETIRED.RETIRE_SLOTS:sample:sa=2000003 -experimental
163 [22713877915328] INFO perfrun.sdk <> - runCmd started PID 2175672
191 [22713877915328] INFO perfrun.perfcollector <> - SepDryRun RC = true
197 [22713877915328] INFO perfrun.perfcollector <> - DRY_RUN: "PMU type: Core (core)"
197 [22713877915328] INFO perfrun.perfcollector <> - pmu type: cpu
197 [22713877915328] INFO perfrun.perfcollector <> - DRY_RUN: "Group 0:"
197 [22713877915328] INFO perfrun.perfcollector <> - id: 0
197 [22713877915328] INFO perfrun.perfcollector <> - DRY_RUN: "INST_RETIRED.ANY: event id 2"
197 [22713877915328] INFO perfrun.perfcollector <> - eventName: INST_RETIRED.ANY, eventId: 2
197 [22713877915328] INFO perfrun.perfcollector <> - DRY_RUN: "CPU_CLK_UNHALTED.THREAD: event id 0"
197 [22713877915328] INFO perfrun.perfcollector <> - eventName: CPU_CLK_UNHALTED.THREAD, eventId: 0
197 [22713877915328] INFO perfrun.perfcollector <> - DRY_RUN: "CPU_CLK_UNHALTED.REF_TSC: event id 1"
197 [22713877915328] INFO perfrun.perfcollector <> - eventName: CPU_CLK_UNHALTED.REF_TSC, eventId: 1
197 [22713877915328] INFO perfrun.perfcollector <> - DRY_RUN: "FP_ARITH_INST_RETIRED.SCALAR_SINGLE: event id 5"
197 [22713877915328] INFO perfrun.perfcollector <> - eventName: FP_ARITH_INST_RETIRED.SCALAR_SINGLE, eventId: 5
197 [22713877915328] INFO perfrun.perfcollector <> - DRY_RUN: "FP_ARITH_INST_RETIRED.128B_PACKED_SINGLE: event id 6"
197 [22713877915328] INFO perfrun.perfcollector <> - eventName: FP_ARITH_INST_RETIRED.128B_PACKED_SINGLE, eventId: 6
197 [22713877915328] INFO perfrun.perfcollector <> - DRY_RUN: "FP_ARITH_INST_RETIRED.256B_PACKED_SINGLE: event id 7"
197 [22713877915328] INFO perfrun.perfcollector <> - eventName: FP_ARITH_INST_RETIRED.256B_PACKED_SINGLE, eventId: 7
197 [22713877915328] INFO perfrun.perfcollector <> - DRY_RUN: "FP_ARITH_INST_RETIRED.SCALAR_DOUBLE: event id 8"
197 [22713877915328] INFO perfrun.perfcollector <> - eventName: FP_ARITH_INST_RETIRED.SCALAR_DOUBLE, eventId: 8
197 [22713877915328] INFO perfrun.perfcollector <> - DRY_RUN: "CPU_CLK_UNHALTED.REF_XCLK: event id 3"
197 [22713877915328] INFO perfrun.perfcollector <> - eventName: CPU_CLK_UNHALTED.REF_XCLK, eventId: 3
197 [22713877915328] INFO perfrun.perfcollector <> - DRY_RUN: "CPU_CLK_UNHALTED.ONE_THREAD_ACTIVE: event id 4"
198 [22713877915328] INFO perfrun.perfcollector <> - eventName: CPU_CLK_UNHALTED.ONE_THREAD_ACTIVE, eventId: 4
198 [22713877915328] INFO perfrun.perfcollector <> - DRY_RUN: "INST_RETIRED.X87: event id 11"
198 [22713877915328] INFO perfrun.perfcollector <> - eventName: INST_RETIRED.X87, eventId: 11
198 [22713877915328] INFO perfrun.perfcollector <> - DRY_RUN: "UOPS_RETIRED.RETIRE_SLOTS: event id 12"
198 [22713877915328] INFO perfrun.perfcollector <> - eventName: UOPS_RETIRED.RETIRE_SLOTS, eventId: 12
198 [22713877915328] INFO perfrun.perfcollector <> - DRY_RUN: "CCCR"
198 [22713877915328] INFO perfrun.perfcollector <> - DRY_RUN: "reg_type       = 1	event_id       = g	reg_id         = 38f	reg_value      = 7000000ff"
198 [22713877915328] INFO perfrun.perfcollector <> - eventId: g, skip parsing event_id
198 [22713877915328] INFO perfrun.perfcollector <> - Register was ignored: group_id: 0, reg_type: 1, event_id: 4294967295, reg_id: 38f, reg_value: 7000000ff, pmu_name: cpu
198 [22713877915328] INFO perfrun.perfcollector <> - DRY_RUN: "reg_type       = 1	event_id       = g	reg_id         = 390	reg_value      = 7000000ff"
198 [22713877915328] INFO perfrun.perfcollector <> - eventId: g, skip parsing event_id
198 [22713877915328] INFO perfrun.perfcollector <> - Register was ignored: group_id: 0, reg_type: 1, event_id: 4294967295, reg_id: 390, reg_value: 7000000ff, pmu_name: cpu
198 [22713877915328] INFO perfrun.perfcollector <> - DRY_RUN: "reg_type       = 1	event_id       = g	reg_id         = 3f1	reg_value      = 0"
198 [22713877915328] INFO perfrun.perfcollector <> - eventId: g, skip parsing event_id
198 [22713877915328] INFO perfrun.perfcollector <> - Register was ignored: group_id: 0, reg_type: 1, event_id: 4294967295, reg_id: 3f1, reg_value: 0, pmu_name: cpu
198 [22713877915328] INFO perfrun.perfcollector <> - DRY_RUN: "reg_type       = 1	event_id       = g	reg_id         = 1d9	reg_value      = 1800"
198 [22713877915328] INFO perfrun.perfcollector <> - eventId: g, skip parsing event_id
198 [22713877915328] INFO perfrun.perfcollector <> - Register was ignored: group_id: 0, reg_type: 1, event_id: 4294967295, reg_id: 1d9, reg_value: 1800, pmu_name: cpu
198 [22713877915328] INFO perfrun.perfcollector <> - DRY_RUN: "reg_type       = 1	event_id       = g	reg_id         = 38d	reg_value      = bbb"
198 [22713877915328] INFO perfrun.perfcollector <> - eventId: g, skip parsing event_id
198 [22713877915328] INFO perfrun.perfcollector <> - Register was ignored: group_id: 0, reg_type: 1, event_id: 4294967295, reg_id: 38d, reg_value: bbb, pmu_name: cpu
198 [22713877915328] INFO perfrun.perfcollector <> - DRY_RUN: "reg_type       = 1	event_id       = 5	reg_id         = 186	reg_value      = 5302c7"
198 [22713877915328] INFO perfrun.perfcollector <> - Event selector: group_id: 0, reg_type: 1, event_id: 5, reg_id: 186, reg_value: 5302c7, pmu_name: cpu
198 [22713877915328] INFO perfrun.perfcollector <> - DRY_RUN: "reg_type       = 1	event_id       = 6	reg_id         = 187	reg_value      = 5308c7"
198 [22713877915328] INFO perfrun.perfcollector <> - Event selector: group_id: 0, reg_type: 1, event_id: 6, reg_id: 187, reg_value: 5308c7, pmu_name: cpu
198 [22713877915328] INFO perfrun.perfcollector <> - DRY_RUN: "reg_type       = 1	event_id       = 7	reg_id         = 188	reg_value      = 5320c7"
198 [22713877915328] INFO perfrun.perfcollector <> - Event selector: group_id: 0, reg_type: 1, event_id: 7, reg_id: 188, reg_value: 5320c7, pmu_name: cpu
198 [22713877915328] INFO perfrun.perfcollector <> - DRY_RUN: "reg_type       = 1	event_id       = 8	reg_id         = 189	reg_value      = 5301c7"
198 [22713877915328] INFO perfrun.perfcollector <> - Event selector: group_id: 0, reg_type: 1, event_id: 8, reg_id: 189, reg_value: 5301c7, pmu_name: cpu
198 [22713877915328] INFO perfrun.perfcollector <> - DRY_RUN: "reg_type       = 1	event_id       = 3	reg_id         = 18a	reg_value      = 53013c"
198 [22713877915328] INFO perfrun.perfcollector <> - Event selector: group_id: 0, reg_type: 1, event_id: 3, reg_id: 18a, reg_value: 53013c, pmu_name: cpu
198 [22713877915328] INFO perfrun.perfcollector <> - DRY_RUN: "reg_type       = 1	event_id       = 4	reg_id         = 18b	reg_value      = 53023c"
198 [22713877915328] INFO perfrun.perfcollector <> - Event selector: group_id: 0, reg_type: 1, event_id: 4, reg_id: 18b, reg_value: 53023c, pmu_name: cpu
198 [22713877915328] INFO perfrun.perfcollector <> - DRY_RUN: "reg_type       = 1	event_id       = 11	reg_id         = 18c	reg_value      = 5302c0"
198 [22713877915328] INFO perfrun.perfcollector <> - Event selector: group_id: 0, reg_type: 1, event_id: 11, reg_id: 18c, reg_value: 5302c0, pmu_name: cpu
198 [22713877915328] INFO perfrun.perfcollector <> - DRY_RUN: "reg_type       = 1	event_id       = 12	reg_id         = 18d	reg_value      = 5302c2"
198 [22713877915328] INFO perfrun.perfcollector <> - Event selector: group_id: 0, reg_type: 1, event_id: 12, reg_id: 18d, reg_value: 5302c2, pmu_name: cpu
198 [22713877915328] INFO perfrun.perfcollector <> - DRY_RUN: "ESCR"
198 [22713877915328] INFO perfrun.perfcollector <> - DRY_RUN: "reg_type       = 2	event_id       = g	reg_id         = 1c8	reg_value      = 0"
198 [22713877915328] INFO perfrun.perfcollector <> - eventId: g, skip parsing event_id
198 [22713877915328] INFO perfrun.perfcollector <> - DRY_RUN: "DATA"
198 [22713877915328] INFO perfrun.perfcollector <> - DRY_RUN: "reg_type       = 4	event_id       = 2	reg_id         = 309	reg_value      = ffffffdb6100"
198 [22713877915328] INFO perfrun.perfcollector <> - eventId: 2, dataAddr: 309, dataVal: ffffffdb6100
198 [22713877915328] INFO perfrun.perfcollector <> - DRY_RUN: "reg_type       = 4	event_id       = 0	reg_id         = 30a	reg_value      = ffffffe17b7d"
198 [22713877915328] INFO perfrun.perfcollector <> - eventId: 0, dataAddr: 30a, dataVal: ffffffe17b7d
198 [22713877915328] INFO perfrun.perfcollector <> - DRY_RUN: "reg_type       = 4	event_id       = 1	reg_id         = 30b	reg_value      = ffffffdb6100"
198 [22713877915328] INFO perfrun.perfcollector <> - eventId: 1, dataAddr: 30b, dataVal: ffffffdb6100
198 [22713877915328] INFO perfrun.perfcollector <> - DRY_RUN: "reg_type       = 4	event_id       = 5	reg_id         = c1	reg_value      = ffffffe17b7d"
198 [22713877915328] INFO perfrun.perfcollector <> - eventId: 5, dataAddr: c1, dataVal: ffffffe17b7d
198 [22713877915328] INFO perfrun.perfcollector <> - DRY_RUN: "reg_type       = 4	event_id       = 6	reg_id         = c2	reg_value      = ffffffe17b7d"
198 [22713877915328] INFO perfrun.perfcollector <> - eventId: 6, dataAddr: c2, dataVal: ffffffe17b7d
198 [22713877915328] INFO perfrun.perfcollector <> - DRY_RUN: "reg_type       = 4	event_id       = 7	reg_id         = c3	reg_value      = ffffffe17b7d"
198 [22713877915328] INFO perfrun.perfcollector <> - eventId: 7, dataAddr: c3, dataVal: ffffffe17b7d
198 [22713877915328] INFO perfrun.perfcollector <> - DRY_RUN: "reg_type       = 4	event_id       = 8	reg_id         = c4	reg_value      = ffffffe17b7d"
198 [22713877915328] INFO perfrun.perfcollector <> - eventId: 8, dataAddr: c4, dataVal: ffffffe17b7d
198 [22713877915328] INFO perfrun.perfcollector <> - DRY_RUN: "reg_type       = 4	event_id       = 3	reg_id         = c5	reg_value      = fffffffe795d"
198 [22713877915328] INFO perfrun.perfcollector <> - eventId: 3, dataAddr: c5, dataVal: fffffffe795d
198 [22713877915328] INFO perfrun.perfcollector <> - DRY_RUN: "reg_type       = 4	event_id       = 4	reg_id         = c6	reg_value      = fffffffe795d"
198 [22713877915328] INFO perfrun.perfcollector <> - eventId: 4, dataAddr: c6, dataVal: fffffffe795d
198 [22713877915328] INFO perfrun.perfcollector <> - DRY_RUN: "reg_type       = 4	event_id       = 11	reg_id         = c7	reg_value      = ffffffe17b7d"
198 [22713877915328] INFO perfrun.perfcollector <> - eventId: 11, dataAddr: c7, dataVal: ffffffe17b7d
198 [22713877915328] INFO perfrun.perfcollector <> - DRY_RUN: "reg_type       = 4	event_id       = 12	reg_id         = c8	reg_value      = ffffffe17b7d"
198 [22713877915328] INFO perfrun.perfcollector <> - eventId: 12, dataAddr: c8, dataVal: ffffffe17b7d
198 [22713877915328] INFO perfrun.perfcollector <> - DRY_RUN: "Group 1:"
198 [22713877915328] INFO perfrun.perfcollector <> - id: 1
198 [22713877915328] INFO perfrun.perfcollector <> - DRY_RUN: "INST_RETIRED.ANY: event id 2"
198 [22713877915328] INFO perfrun.perfcollector <> - eventName: INST_RETIRED.ANY, eventId: 2
198 [22713877915328] INFO perfrun.perfcollector <> - DRY_RUN: "CPU_CLK_UNHALTED.THREAD: event id 0"
198 [22713877915328] INFO perfrun.perfcollector <> - eventName: CPU_CLK_UNHALTED.THREAD, eventId: 0
198 [22713877915328] INFO perfrun.perfcollector <> - DRY_RUN: "CPU_CLK_UNHALTED.REF_TSC: event id 1"
198 [22713877915328] INFO perfrun.perfcollector <> - eventName: CPU_CLK_UNHALTED.REF_TSC, eventId: 1
198 [22713877915328] INFO perfrun.perfcollector <> - DRY_RUN: "FP_ARITH_INST_RETIRED.128B_PACKED_DOUBLE: event id 9"
198 [22713877915328] INFO perfrun.perfcollector <> - eventName: FP_ARITH_INST_RETIRED.128B_PACKED_DOUBLE, eventId: 9
198 [22713877915328] INFO perfrun.perfcollector <> - DRY_RUN: "FP_ARITH_INST_RETIRED.256B_PACKED_DOUBLE: event id 10"
198 [22713877915328] INFO perfrun.perfcollector <> - eventName: FP_ARITH_INST_RETIRED.256B_PACKED_DOUBLE, eventId: 10
198 [22713877915328] INFO perfrun.perfcollector <> - DRY_RUN: "CCCR"
198 [22713877915328] INFO perfrun.perfcollector <> - DRY_RUN: "reg_type       = 1	event_id       = g	reg_id         = 38f	reg_value      = 700000003"
198 [22713877915328] INFO perfrun.perfcollector <> - eventId: g, skip parsing event_id
198 [22713877915328] INFO perfrun.perfcollector <> - Register was ignored: group_id: 1, reg_type: 1, event_id: 4294967295, reg_id: 38f, reg_value: 700000003, pmu_name: cpu
198 [22713877915328] INFO perfrun.perfcollector <> - DRY_RUN: "reg_type       = 1	event_id       = g	reg_id         = 390	reg_value      = 700000003"
198 [22713877915328] INFO perfrun.perfcollector <> - eventId: g, skip parsing event_id
198 [22713877915328] INFO perfrun.perfcollector <> - Register was ignored: group_id: 1, reg_type: 1, event_id: 4294967295, reg_id: 390, reg_value: 700000003, pmu_name: cpu
198 [22713877915328] INFO perfrun.perfcollector <> - DRY_RUN: "reg_type       = 1	event_id       = g	reg_id         = 3f1	reg_value      = 0"
198 [22713877915328] INFO perfrun.perfcollector <> - eventId: g, skip parsing event_id
198 [22713877915328] INFO perfrun.perfcollector <> - Register was ignored: group_id: 1, reg_type: 1, event_id: 4294967295, reg_id: 3f1, reg_value: 0, pmu_name: cpu
198 [22713877915328] INFO perfrun.perfcollector <> - DRY_RUN: "reg_type       = 1	event_id       = g	reg_id         = 1d9	reg_value      = 1800"
198 [22713877915328] INFO perfrun.perfcollector <> - eventId: g, skip parsing event_id
198 [22713877915328] INFO perfrun.perfcollector <> - Register was ignored: group_id: 1, reg_type: 1, event_id: 4294967295, reg_id: 1d9, reg_value: 1800, pmu_name: cpu
198 [22713877915328] INFO perfrun.perfcollector <> - DRY_RUN: "reg_type       = 1	event_id       = g	reg_id         = 38d	reg_value      = bbb"
198 [22713877915328] INFO perfrun.perfcollector <> - eventId: g, skip parsing event_id
198 [22713877915328] INFO perfrun.perfcollector <> - Register was ignored: group_id: 1, reg_type: 1, event_id: 4294967295, reg_id: 38d, reg_value: bbb, pmu_name: cpu
198 [22713877915328] INFO perfrun.perfcollector <> - DRY_RUN: "reg_type       = 1	event_id       = 9	reg_id         = 186	reg_value      = 5304c7"
198 [22713877915328] INFO perfrun.perfcollector <> - Event selector: group_id: 1, reg_type: 1, event_id: 9, reg_id: 186, reg_value: 5304c7, pmu_name: cpu
198 [22713877915328] INFO perfrun.perfcollector <> - DRY_RUN: "reg_type       = 1	event_id       = 10	reg_id         = 187	reg_value      = 5310c7"
198 [22713877915328] INFO perfrun.perfcollector <> - Event selector: group_id: 1, reg_type: 1, event_id: 10, reg_id: 187, reg_value: 5310c7, pmu_name: cpu
198 [22713877915328] INFO perfrun.perfcollector <> - DRY_RUN: "ESCR"
198 [22713877915328] INFO perfrun.perfcollector <> - DRY_RUN: "reg_type       = 2	event_id       = g	reg_id         = 1c8	reg_value      = 0"
198 [22713877915328] INFO perfrun.perfcollector <> - eventId: g, skip parsing event_id
198 [22713877915328] INFO perfrun.perfcollector <> - DRY_RUN: "DATA"
198 [22713877915328] INFO perfrun.perfcollector <> - DRY_RUN: "reg_type       = 4	event_id       = 2	reg_id         = 309	reg_value      = ffffffdb6100"
198 [22713877915328] INFO perfrun.perfcollector <> - eventId: 2, dataAddr: 309, dataVal: ffffffdb6100
198 [22713877915328] INFO perfrun.perfcollector <> - DRY_RUN: "reg_type       = 4	event_id       = 0	reg_id         = 30a	reg_value      = ffffffe17b7d"
198 [22713877915328] INFO perfrun.perfcollector <> - eventId: 0, dataAddr: 30a, dataVal: ffffffe17b7d
198 [22713877915328] INFO perfrun.perfcollector <> - DRY_RUN: "reg_type       = 4	event_id       = 1	reg_id         = 30b	reg_value      = ffffffdb6100"
198 [22713877915328] INFO perfrun.perfcollector <> - eventId: 1, dataAddr: 30b, dataVal: ffffffdb6100
198 [22713877915328] INFO perfrun.perfcollector <> - DRY_RUN: "reg_type       = 4	event_id       = 9	reg_id         = c1	reg_value      = ffffffe17b7d"
198 [22713877915328] INFO perfrun.perfcollector <> - eventId: 9, dataAddr: c1, dataVal: ffffffe17b7d
198 [22713877915328] INFO perfrun.perfcollector <> - DRY_RUN: "reg_type       = 4	event_id       = 10	reg_id         = c2	reg_value      = ffffffe17b7d"
198 [22713877915328] INFO perfrun.perfcollector <> - eventId: 10, dataAddr: c2, dataVal: ffffffe17b7d
198 [22713877915328] INFO perfrun.perfcollector <> - event name: CPU_CLK_UNHALTED.THREAD
198 [22713877915328] INFO perfrun.perfcollector <> - pmu config: cpu
198 [22713877915328] INFO perfrun.perfcollector <> - cccrAddr: ffffffff, cccrValue: 0
198 [22713877915328] INFO perfrun.perfcollector <> - dataAddr: 30a, dataValue: ffffffffffe17b7d
198 [22713877915328] INFO perfrun.perfcollector <> - escrAddr: ffffffff, escrValue: 0
198 [22713877915328] INFO perfrun.perfcollector <> - extendedPebsValue: 0
198 [22713877915328] INFO perfrun.perfcollector <> - adaptivePebsAvailable: 0
199 [22713877915328] INFO perfrun.perfcollector <> - config: event: 3c
199 [22713877915328] INFO perfrun.perfcollector <> - config: pc: 0
199 [22713877915328] INFO perfrun.perfcollector <> - config: in_tx: 0
199 [22713877915328] INFO perfrun.perfcollector <> - config: edge: 0
199 [22713877915328] INFO perfrun.perfcollector <> - config: any: 0
199 [22713877915328] INFO perfrun.perfcollector <> - config1: offcore_rsp: 0
199 [22713877915328] INFO perfrun.perfcollector <> - config: in_tx_cp: 0
199 [22713877915328] INFO perfrun.perfcollector <> - config1: ldlat: 0
199 [22713877915328] INFO perfrun.perfcollector <> - config: inv: 0
199 [22713877915328] INFO perfrun.perfcollector <> - config: umask: 0
199 [22713877915328] INFO perfrun.perfcollector <> - config: cmask: 0
199 [22713877915328] INFO perfrun.perfcollector <> - format: cpu/event=0x3c,name='CPU_CLK_UNHALTED.THREAD'/D
199 [22713877915328] INFO perfrun.perfcollector <> - event name: CPU_CLK_UNHALTED.REF_TSC
199 [22713877915328] INFO perfrun.perfcollector <> - pmu config: cpu
199 [22713877915328] INFO perfrun.perfcollector <> - cccrAddr: ffffffff, cccrValue: 0
199 [22713877915328] INFO perfrun.perfcollector <> - dataAddr: 30b, dataValue: ffffffffffdb6100
199 [22713877915328] INFO perfrun.perfcollector <> - escrAddr: ffffffff, escrValue: 0
199 [22713877915328] INFO perfrun.perfcollector <> - extendedPebsValue: 0
199 [22713877915328] INFO perfrun.perfcollector <> - adaptivePebsAvailable: 0
199 [22713877915328] INFO perfrun.perfcollector <> - config: event: 0
199 [22713877915328] INFO perfrun.perfcollector <> - config: pc: 0
199 [22713877915328] INFO perfrun.perfcollector <> - config: in_tx: 0
199 [22713877915328] INFO perfrun.perfcollector <> - config: edge: 0
199 [22713877915328] INFO perfrun.perfcollector <> - config: any: 0
199 [22713877915328] INFO perfrun.perfcollector <> - config1: offcore_rsp: 0
199 [22713877915328] INFO perfrun.perfcollector <> - config: in_tx_cp: 0
199 [22713877915328] INFO perfrun.perfcollector <> - config1: ldlat: 0
199 [22713877915328] INFO perfrun.perfcollector <> - config: inv: 0
199 [22713877915328] INFO perfrun.perfcollector <> - config: umask: 3
199 [22713877915328] INFO perfrun.perfcollector <> - config: cmask: 0
199 [22713877915328] INFO perfrun.perfcollector <> - format: cpu/umask=0x3,name='CPU_CLK_UNHALTED.REF_TSC'/D
199 [22713877915328] INFO perfrun.perfcollector <> - event name: INST_RETIRED.ANY
199 [22713877915328] INFO perfrun.perfcollector <> - pmu config: cpu
199 [22713877915328] INFO perfrun.perfcollector <> - cccrAddr: ffffffff, cccrValue: 0
199 [22713877915328] INFO perfrun.perfcollector <> - dataAddr: 309, dataValue: ffffffffffdb6100
199 [22713877915328] INFO perfrun.perfcollector <> - escrAddr: ffffffff, escrValue: 0
199 [22713877915328] INFO perfrun.perfcollector <> - extendedPebsValue: 0
199 [22713877915328] INFO perfrun.perfcollector <> - adaptivePebsAvailable: 0
199 [22713877915328] INFO perfrun.perfcollector <> - config: event: c0
199 [22713877915328] INFO perfrun.perfcollector <> - config: pc: 0
199 [22713877915328] INFO perfrun.perfcollector <> - config: in_tx: 0
199 [22713877915328] INFO perfrun.perfcollector <> - config: edge: 0
199 [22713877915328] INFO perfrun.perfcollector <> - config: any: 0
199 [22713877915328] INFO perfrun.perfcollector <> - config1: offcore_rsp: 0
199 [22713877915328] INFO perfrun.perfcollector <> - config: in_tx_cp: 0
199 [22713877915328] INFO perfrun.perfcollector <> - config1: ldlat: 0
199 [22713877915328] INFO perfrun.perfcollector <> - config: inv: 0
199 [22713877915328] INFO perfrun.perfcollector <> - config: umask: 0
199 [22713877915328] INFO perfrun.perfcollector <> - config: cmask: 0
199 [22713877915328] INFO perfrun.perfcollector <> - format: cpu/event=0xc0,name='INST_RETIRED.ANY'/D
199 [22713877915328] INFO perfrun.perfcollector <> - event name: CPU_CLK_UNHALTED.REF_XCLK
199 [22713877915328] INFO perfrun.perfcollector <> - pmu config: cpu
199 [22713877915328] INFO perfrun.perfcollector <> - cccrAddr: 18a, cccrValue: 53013c
199 [22713877915328] INFO perfrun.perfcollector <> - dataAddr: c5, dataValue: fffffffffffe795d
199 [22713877915328] INFO perfrun.perfcollector <> - escrAddr: ffffffff, escrValue: 0
199 [22713877915328] INFO perfrun.perfcollector <> - extendedPebsValue: 0
199 [22713877915328] INFO perfrun.perfcollector <> - adaptivePebsAvailable: 0
199 [22713877915328] INFO perfrun.perfcollector <> - config: event: 3c
199 [22713877915328] INFO perfrun.perfcollector <> - config: pc: 0
199 [22713877915328] INFO perfrun.perfcollector <> - config: in_tx: 0
199 [22713877915328] INFO perfrun.perfcollector <> - config: edge: 0
199 [22713877915328] INFO perfrun.perfcollector <> - config: any: 0
199 [22713877915328] INFO perfrun.perfcollector <> - config1: offcore_rsp: 0
199 [22713877915328] INFO perfrun.perfcollector <> - config: in_tx_cp: 0
199 [22713877915328] INFO perfrun.perfcollector <> - config1: ldlat: 0
199 [22713877915328] INFO perfrun.perfcollector <> - config: inv: 0
199 [22713877915328] INFO perfrun.perfcollector <> - config: umask: 1
199 [22713877915328] INFO perfrun.perfcollector <> - config: cmask: 0
199 [22713877915328] INFO perfrun.perfcollector <> - format: cpu/event=0x3c,umask=0x1,name='CPU_CLK_UNHALTED.REF_XCLK'/
199 [22713877915328] INFO perfrun.perfcollector <> - event name: CPU_CLK_UNHALTED.ONE_THREAD_ACTIVE
199 [22713877915328] INFO perfrun.perfcollector <> - pmu config: cpu
199 [22713877915328] INFO perfrun.perfcollector <> - cccrAddr: 18b, cccrValue: 53023c
199 [22713877915328] INFO perfrun.perfcollector <> - dataAddr: c6, dataValue: fffffffffffe795d
199 [22713877915328] INFO perfrun.perfcollector <> - escrAddr: ffffffff, escrValue: 0
199 [22713877915328] INFO perfrun.perfcollector <> - extendedPebsValue: 0
199 [22713877915328] INFO perfrun.perfcollector <> - adaptivePebsAvailable: 0
199 [22713877915328] INFO perfrun.perfcollector <> - config: event: 3c
199 [22713877915328] INFO perfrun.perfcollector <> - config: pc: 0
199 [22713877915328] INFO perfrun.perfcollector <> - config: in_tx: 0
199 [22713877915328] INFO perfrun.perfcollector <> - config: edge: 0
199 [22713877915328] INFO perfrun.perfcollector <> - config: any: 0
199 [22713877915328] INFO perfrun.perfcollector <> - config1: offcore_rsp: 0
199 [22713877915328] INFO perfrun.perfcollector <> - config: in_tx_cp: 0
199 [22713877915328] INFO perfrun.perfcollector <> - config1: ldlat: 0
199 [22713877915328] INFO perfrun.perfcollector <> - config: inv: 0
199 [22713877915328] INFO perfrun.perfcollector <> - config: umask: 2
199 [22713877915328] INFO perfrun.perfcollector <> - config: cmask: 0
199 [22713877915328] INFO perfrun.perfcollector <> - format: cpu/event=0x3c,umask=0x2,name='CPU_CLK_UNHALTED.ONE_THREAD_ACTIVE'/
199 [22713877915328] INFO perfrun.perfcollector <> - event name: FP_ARITH_INST_RETIRED.SCALAR_SINGLE
199 [22713877915328] INFO perfrun.perfcollector <> - pmu config: cpu
199 [22713877915328] INFO perfrun.perfcollector <> - cccrAddr: 186, cccrValue: 5302c7
199 [22713877915328] INFO perfrun.perfcollector <> - dataAddr: c1, dataValue: ffffffffffe17b7d
199 [22713877915328] INFO perfrun.perfcollector <> - escrAddr: ffffffff, escrValue: 0
199 [22713877915328] INFO perfrun.perfcollector <> - extendedPebsValue: 0
199 [22713877915328] INFO perfrun.perfcollector <> - adaptivePebsAvailable: 0
199 [22713877915328] INFO perfrun.perfcollector <> - config: event: c7
199 [22713877915328] INFO perfrun.perfcollector <> - config: pc: 0
199 [22713877915328] INFO perfrun.perfcollector <> - config: in_tx: 0
199 [22713877915328] INFO perfrun.perfcollector <> - config: edge: 0
199 [22713877915328] INFO perfrun.perfcollector <> - config: any: 0
199 [22713877915328] INFO perfrun.perfcollector <> - config1: offcore_rsp: 0
199 [22713877915328] INFO perfrun.perfcollector <> - config: in_tx_cp: 0
199 [22713877915328] INFO perfrun.perfcollector <> - config1: ldlat: 0
199 [22713877915328] INFO perfrun.perfcollector <> - config: inv: 0
199 [22713877915328] INFO perfrun.perfcollector <> - config: umask: 2
199 [22713877915328] INFO perfrun.perfcollector <> - config: cmask: 0
199 [22713877915328] INFO perfrun.perfcollector <> - format: cpu/event=0xc7,umask=0x2,name='FP_ARITH_INST_RETIRED.SCALAR_SINGLE'/
199 [22713877915328] INFO perfrun.perfcollector <> - event name: FP_ARITH_INST_RETIRED.128B_PACKED_SINGLE
199 [22713877915328] INFO perfrun.perfcollector <> - pmu config: cpu
199 [22713877915328] INFO perfrun.perfcollector <> - cccrAddr: 187, cccrValue: 5308c7
199 [22713877915328] INFO perfrun.perfcollector <> - dataAddr: c2, dataValue: ffffffffffe17b7d
199 [22713877915328] INFO perfrun.perfcollector <> - escrAddr: ffffffff, escrValue: 0
199 [22713877915328] INFO perfrun.perfcollector <> - extendedPebsValue: 0
199 [22713877915328] INFO perfrun.perfcollector <> - adaptivePebsAvailable: 0
199 [22713877915328] INFO perfrun.perfcollector <> - config: event: c7
199 [22713877915328] INFO perfrun.perfcollector <> - config: pc: 0
199 [22713877915328] INFO perfrun.perfcollector <> - config: in_tx: 0
199 [22713877915328] INFO perfrun.perfcollector <> - config: edge: 0
199 [22713877915328] INFO perfrun.perfcollector <> - config: any: 0
199 [22713877915328] INFO perfrun.perfcollector <> - config1: offcore_rsp: 0
199 [22713877915328] INFO perfrun.perfcollector <> - config: in_tx_cp: 0
199 [22713877915328] INFO perfrun.perfcollector <> - config1: ldlat: 0
199 [22713877915328] INFO perfrun.perfcollector <> - config: inv: 0
199 [22713877915328] INFO perfrun.perfcollector <> - config: umask: 8
199 [22713877915328] INFO perfrun.perfcollector <> - config: cmask: 0
199 [22713877915328] INFO perfrun.perfcollector <> - format: cpu/event=0xc7,umask=0x8,name='FP_ARITH_INST_RETIRED.128B_PACKED_SINGLE'/
199 [22713877915328] INFO perfrun.perfcollector <> - event name: FP_ARITH_INST_RETIRED.256B_PACKED_SINGLE
199 [22713877915328] INFO perfrun.perfcollector <> - pmu config: cpu
199 [22713877915328] INFO perfrun.perfcollector <> - cccrAddr: 188, cccrValue: 5320c7
199 [22713877915328] INFO perfrun.perfcollector <> - dataAddr: c3, dataValue: ffffffffffe17b7d
199 [22713877915328] INFO perfrun.perfcollector <> - escrAddr: ffffffff, escrValue: 0
199 [22713877915328] INFO perfrun.perfcollector <> - extendedPebsValue: 0
199 [22713877915328] INFO perfrun.perfcollector <> - adaptivePebsAvailable: 0
199 [22713877915328] INFO perfrun.perfcollector <> - config: event: c7
199 [22713877915328] INFO perfrun.perfcollector <> - config: pc: 0
199 [22713877915328] INFO perfrun.perfcollector <> - config: in_tx: 0
199 [22713877915328] INFO perfrun.perfcollector <> - config: edge: 0
199 [22713877915328] INFO perfrun.perfcollector <> - config: any: 0
199 [22713877915328] INFO perfrun.perfcollector <> - config1: offcore_rsp: 0
199 [22713877915328] INFO perfrun.perfcollector <> - config: in_tx_cp: 0
199 [22713877915328] INFO perfrun.perfcollector <> - config1: ldlat: 0
199 [22713877915328] INFO perfrun.perfcollector <> - config: inv: 0
199 [22713877915328] INFO perfrun.perfcollector <> - config: umask: 20
199 [22713877915328] INFO perfrun.perfcollector <> - config: cmask: 0
199 [22713877915328] INFO perfrun.perfcollector <> - format: cpu/event=0xc7,umask=0x20,name='FP_ARITH_INST_RETIRED.256B_PACKED_SINGLE'/
199 [22713877915328] INFO perfrun.perfcollector <> - event name: FP_ARITH_INST_RETIRED.SCALAR_DOUBLE
199 [22713877915328] INFO perfrun.perfcollector <> - pmu config: cpu
199 [22713877915328] INFO perfrun.perfcollector <> - cccrAddr: 189, cccrValue: 5301c7
199 [22713877915328] INFO perfrun.perfcollector <> - dataAddr: c4, dataValue: ffffffffffe17b7d
199 [22713877915328] INFO perfrun.perfcollector <> - escrAddr: ffffffff, escrValue: 0
199 [22713877915328] INFO perfrun.perfcollector <> - extendedPebsValue: 0
199 [22713877915328] INFO perfrun.perfcollector <> - adaptivePebsAvailable: 0
199 [22713877915328] INFO perfrun.perfcollector <> - config: event: c7
199 [22713877915328] INFO perfrun.perfcollector <> - config: pc: 0
199 [22713877915328] INFO perfrun.perfcollector <> - config: in_tx: 0
199 [22713877915328] INFO perfrun.perfcollector <> - config: edge: 0
199 [22713877915328] INFO perfrun.perfcollector <> - config: any: 0
199 [22713877915328] INFO perfrun.perfcollector <> - config1: offcore_rsp: 0
199 [22713877915328] INFO perfrun.perfcollector <> - config: in_tx_cp: 0
199 [22713877915328] INFO perfrun.perfcollector <> - config1: ldlat: 0
199 [22713877915328] INFO perfrun.perfcollector <> - config: inv: 0
199 [22713877915328] INFO perfrun.perfcollector <> - config: umask: 1
199 [22713877915328] INFO perfrun.perfcollector <> - config: cmask: 0
199 [22713877915328] INFO perfrun.perfcollector <> - format: cpu/event=0xc7,umask=0x1,name='FP_ARITH_INST_RETIRED.SCALAR_DOUBLE'/
199 [22713877915328] INFO perfrun.perfcollector <> - event name: FP_ARITH_INST_RETIRED.128B_PACKED_DOUBLE
199 [22713877915328] INFO perfrun.perfcollector <> - pmu config: cpu
199 [22713877915328] INFO perfrun.perfcollector <> - cccrAddr: 186, cccrValue: 5304c7
199 [22713877915328] INFO perfrun.perfcollector <> - dataAddr: c1, dataValue: ffffffffffe17b7d
199 [22713877915328] INFO perfrun.perfcollector <> - escrAddr: ffffffff, escrValue: 0
199 [22713877915328] INFO perfrun.perfcollector <> - extendedPebsValue: 0
199 [22713877915328] INFO perfrun.perfcollector <> - adaptivePebsAvailable: 0
199 [22713877915328] INFO perfrun.perfcollector <> - config: event: c7
199 [22713877915328] INFO perfrun.perfcollector <> - config: pc: 0
199 [22713877915328] INFO perfrun.perfcollector <> - config: in_tx: 0
199 [22713877915328] INFO perfrun.perfcollector <> - config: edge: 0
199 [22713877915328] INFO perfrun.perfcollector <> - config: any: 0
199 [22713877915328] INFO perfrun.perfcollector <> - config1: offcore_rsp: 0
199 [22713877915328] INFO perfrun.perfcollector <> - config: in_tx_cp: 0
199 [22713877915328] INFO perfrun.perfcollector <> - config1: ldlat: 0
199 [22713877915328] INFO perfrun.perfcollector <> - config: inv: 0
199 [22713877915328] INFO perfrun.perfcollector <> - config: umask: 4
199 [22713877915328] INFO perfrun.perfcollector <> - config: cmask: 0
199 [22713877915328] INFO perfrun.perfcollector <> - format: cpu/event=0xc7,umask=0x4,name='FP_ARITH_INST_RETIRED.128B_PACKED_DOUBLE'/
199 [22713877915328] INFO perfrun.perfcollector <> - event name: FP_ARITH_INST_RETIRED.256B_PACKED_DOUBLE
199 [22713877915328] INFO perfrun.perfcollector <> - pmu config: cpu
199 [22713877915328] INFO perfrun.perfcollector <> - cccrAddr: 187, cccrValue: 5310c7
200 [22713877915328] INFO perfrun.perfcollector <> - dataAddr: c2, dataValue: ffffffffffe17b7d
200 [22713877915328] INFO perfrun.perfcollector <> - escrAddr: ffffffff, escrValue: 0
200 [22713877915328] INFO perfrun.perfcollector <> - extendedPebsValue: 0
200 [22713877915328] INFO perfrun.perfcollector <> - adaptivePebsAvailable: 0
200 [22713877915328] INFO perfrun.perfcollector <> - config: event: c7
200 [22713877915328] INFO perfrun.perfcollector <> - config: pc: 0
200 [22713877915328] INFO perfrun.perfcollector <> - config: in_tx: 0
200 [22713877915328] INFO perfrun.perfcollector <> - config: edge: 0
200 [22713877915328] INFO perfrun.perfcollector <> - config: any: 0
200 [22713877915328] INFO perfrun.perfcollector <> - config1: offcore_rsp: 0
200 [22713877915328] INFO perfrun.perfcollector <> - config: in_tx_cp: 0
200 [22713877915328] INFO perfrun.perfcollector <> - config1: ldlat: 0
200 [22713877915328] INFO perfrun.perfcollector <> - config: inv: 0
200 [22713877915328] INFO perfrun.perfcollector <> - config: umask: 10
200 [22713877915328] INFO perfrun.perfcollector <> - config: cmask: 0
200 [22713877915328] INFO perfrun.perfcollector <> - format: cpu/event=0xc7,umask=0x10,name='FP_ARITH_INST_RETIRED.256B_PACKED_DOUBLE'/
200 [22713877915328] INFO perfrun.perfcollector <> - event name: INST_RETIRED.X87
200 [22713877915328] INFO perfrun.perfcollector <> - pmu config: cpu
200 [22713877915328] INFO perfrun.perfcollector <> - cccrAddr: 18c, cccrValue: 5302c0
200 [22713877915328] INFO perfrun.perfcollector <> - dataAddr: c7, dataValue: ffffffffffe17b7d
200 [22713877915328] INFO perfrun.perfcollector <> - escrAddr: ffffffff, escrValue: 0
200 [22713877915328] INFO perfrun.perfcollector <> - extendedPebsValue: 0
200 [22713877915328] INFO perfrun.perfcollector <> - adaptivePebsAvailable: 0
200 [22713877915328] INFO perfrun.perfcollector <> - config: event: c0
200 [22713877915328] INFO perfrun.perfcollector <> - config: pc: 0
200 [22713877915328] INFO perfrun.perfcollector <> - config: in_tx: 0
200 [22713877915328] INFO perfrun.perfcollector <> - config: edge: 0
200 [22713877915328] INFO perfrun.perfcollector <> - config: any: 0
200 [22713877915328] INFO perfrun.perfcollector <> - config1: offcore_rsp: 0
200 [22713877915328] INFO perfrun.perfcollector <> - config: in_tx_cp: 0
200 [22713877915328] INFO perfrun.perfcollector <> - config1: ldlat: 0
200 [22713877915328] INFO perfrun.perfcollector <> - config: inv: 0
200 [22713877915328] INFO perfrun.perfcollector <> - config: umask: 2
200 [22713877915328] INFO perfrun.perfcollector <> - config: cmask: 0
200 [22713877915328] INFO perfrun.perfcollector <> - format: cpu/event=0xc0,umask=0x2,name='INST_RETIRED.X87'/
200 [22713877915328] INFO perfrun.perfcollector <> - event name: UOPS_RETIRED.RETIRE_SLOTS
200 [22713877915328] INFO perfrun.perfcollector <> - pmu config: cpu
200 [22713877915328] INFO perfrun.perfcollector <> - cccrAddr: 18d, cccrValue: 5302c2
200 [22713877915328] INFO perfrun.perfcollector <> - dataAddr: c8, dataValue: ffffffffffe17b7d
200 [22713877915328] INFO perfrun.perfcollector <> - escrAddr: ffffffff, escrValue: 0
200 [22713877915328] INFO perfrun.perfcollector <> - extendedPebsValue: 0
200 [22713877915328] INFO perfrun.perfcollector <> - adaptivePebsAvailable: 0
200 [22713877915328] INFO perfrun.perfcollector <> - config: event: c2
200 [22713877915328] INFO perfrun.perfcollector <> - config: pc: 0
200 [22713877915328] INFO perfrun.perfcollector <> - config: in_tx: 0
200 [22713877915328] INFO perfrun.perfcollector <> - config: edge: 0
200 [22713877915328] INFO perfrun.perfcollector <> - config: any: 0
200 [22713877915328] INFO perfrun.perfcollector <> - config1: offcore_rsp: 0
200 [22713877915328] INFO perfrun.perfcollector <> - config: in_tx_cp: 0
200 [22713877915328] INFO perfrun.perfcollector <> - config1: ldlat: 0
200 [22713877915328] INFO perfrun.perfcollector <> - config: inv: 0
200 [22713877915328] INFO perfrun.perfcollector <> - config: umask: 2
200 [22713877915328] INFO perfrun.perfcollector <> - config: cmask: 0
200 [22713877915328] INFO perfrun.perfcollector <> - format: cpu/event=0xc2,umask=0x2,name='UOPS_RETIRED.RETIRE_SLOTS'/
200 [22713877915328] INFO perfrun.perfcollector <> - event: cpu/event=0x3c,name='CPU_CLK_UNHALTED.THREAD'/Duk, added for counting
200 [22713877915328] INFO perfrun.perfcollector <> - event: cpu/umask=0x3,name='CPU_CLK_UNHALTED.REF_TSC'/Duk, added for counting
200 [22713877915328] INFO perfrun.perfcollector <> - event: cpu/event=0xc0,name='INST_RETIRED.ANY'/Duk, added for counting
200 [22713877915328] INFO perfrun.perfcollector <> - event: cpu/event=0x3c,umask=0x1,name='CPU_CLK_UNHALTED.REF_XCLK'/uk, added for counting
200 [22713877915328] INFO perfrun.perfcollector <> - event: cpu/event=0x3c,umask=0x2,name='CPU_CLK_UNHALTED.ONE_THREAD_ACTIVE'/uk, added for counting
200 [22713877915328] INFO perfrun.perfcollector <> - event: cpu/event=0xc7,umask=0x2,name='FP_ARITH_INST_RETIRED.SCALAR_SINGLE'/uk, added for counting
200 [22713877915328] INFO perfrun.perfcollector <> - event: cpu/event=0xc7,umask=0x8,name='FP_ARITH_INST_RETIRED.128B_PACKED_SINGLE'/uk, added for counting
200 [22713877915328] INFO perfrun.perfcollector <> - event: cpu/event=0xc7,umask=0x20,name='FP_ARITH_INST_RETIRED.256B_PACKED_SINGLE'/uk, added for counting
200 [22713877915328] INFO perfrun.perfcollector <> - event: cpu/event=0xc7,umask=0x1,name='FP_ARITH_INST_RETIRED.SCALAR_DOUBLE'/uk, added for counting
200 [22713877915328] INFO perfrun.perfcollector <> - event: cpu/event=0xc7,umask=0x4,name='FP_ARITH_INST_RETIRED.128B_PACKED_DOUBLE'/uk, added for counting
200 [22713877915328] INFO perfrun.perfcollector <> - event: cpu/event=0xc7,umask=0x10,name='FP_ARITH_INST_RETIRED.256B_PACKED_DOUBLE'/uk, added for counting
200 [22713877915328] INFO perfrun.perfcollector <> - event: cpu/event=0xc0,umask=0x2,name='INST_RETIRED.X87'/uk, added for counting
200 [22713877915328] INFO perfrun.perfcollector <> - event: cpu/event=0xc2,umask=0x2,name='UOPS_RETIRED.RETIRE_SLOTS'/uk, added for counting
200 [22713877915328] INFO perfrun.perfcollector <> - attaching to pid: 4294967295, collect mode: 1, rc modes: 3
200 [22713799046848] WARN perfrun.perfcollector <> - Perf stat trace pipe capacity: read = 1048576, write = 1048576, at file: vcs/perfrun1/plugins/perfcollector/src/profiler.cpp:765
202 [22713799046848] INFO perfrun.sdk <> - runCmd: /opt/intel/oneapi/vtune/2023.1.0/bin64/amplxe-perf stat -v --log-fd 10 --scale -x ; -e cpu/event=0x3c,name='CPU_CLK_UNHALTED.THREAD'/Duk,cpu/umask=0x3,name='CPU_CLK_UNHALTED.REF_TSC'/Duk,cpu/event=0xc0,name='INST_RETIRED.ANY'/Duk,cpu/event=0x3c,umask=0x1,name='CPU_CLK_UNHALTED.REF_XCLK'/uk,cpu/event=0x3c,umask=0x2,name='CPU_CLK_UNHALTED.ONE_THREAD_ACTIVE'/uk,cpu/event=0xc7,umask=0x2,name='FP_ARITH_INST_RETIRED.SCALAR_SINGLE'/uk,cpu/event=0xc7,umask=0x8,name='FP_ARITH_INST_RETIRED.128B_PACKED_SINGLE'/uk,cpu/event=0xc7,umask=0x20,name='FP_ARITH_INST_RETIRED.256B_PACKED_SINGLE'/uk,cpu/event=0xc7,umask=0x1,name='FP_ARITH_INST_RETIRED.SCALAR_DOUBLE'/uk,cpu/event=0xc7,umask=0x4,name='FP_ARITH_INST_RETIRED.128B_PACKED_DOUBLE'/uk,cpu/event=0xc7,umask=0x10,name='FP_ARITH_INST_RETIRED.256B_PACKED_DOUBLE'/uk,cpu/event=0xc0,umask=0x2,name='INST_RETIRED.X87'/uk,cpu/event=0xc2,umask=0x2,name='UOPS_RETIRED.RETIRE_SLOTS'/uk /opt/intel/oneapi/vtune/2023.1.0/bin64/amplxe-perf-sync dryrun sys
203 [22713799046848] INFO perfrun.sdk <> - runCmd started PID 2175678
281 [22713799046848] INFO perfrun.perfcollector <> - Monitor: runCmd RC = true
284 [22713877915328] INFO perfrun.launcher <> - plugin [aoclprofile] was disabled because it doesn't support the given collection type.
284 [22713877915328] INFO perfrun.tpss <> - initialize tpss controller
284 [22713877915328] INFO perfrun.tpss <> - configure collection mode: value = cpu:counters:nostack
284 [22713877915328] INFO perfrun.tpss <> - configure collection mode: value = cpu:stack
284 [22713877915328] INFO perfrun.tpss <> - default obj-size-min=1024
284 [22713877915328] INFO perfrun.tpss <> - default hash-table-size=0
284 [22713877915328] INFO perfrun.launcher <> - plugin [media] was disabled because it doesn't support the given collection type.
284 [22713877915328] INFO perfrun.launcher <> - plugin [] was disabled because it doesn't support the given collection type.
284 [22713877915328] INFO perfrun.launcher <> - plugin [] was disabled because it doesn't support the given collection type.
284 [22713877915328] INFO perfrun.launcher <> - plugin [parallelfs] was disabled because it doesn't support the given collection type.
284 [22713877915328] INFO perfrun.launcher <> - plugin [power] was disabled because it doesn't support the given collection type.
284 [22713877915328] INFO perfrun.launcher <> - plugin [hwloc] was disabled because it doesn't support the given collection type.
284 [22713877915328] INFO perfrun.launcher <> - plugin [ipmwatch] was disabled because it doesn't support the given collection type.
284 [22713877915328] INFO perfrun.launcher <> - plugin [os_counters] was disabled because it doesn't support the given collection type.
284 [22713877915328] INFO perfrun.launcher <> - plugin [l0_metrics] was disabled because it doesn't support the given collection type.
284 [22714017474432] INFO perfrun.launcher <> - set environment variable: LD_LIBRARY_PATH = /opt/intel/oneapi/vtune/2023.1.0/lib32/runtime:/opt/intel/oneapi/vtune/2023.1.0/lib64/runtime:/opt/intel/oneapi/tbb/2021.5.1/env/../lib/intel64/gcc4.8:/opt/intel/oneapi/mpi/2021.5.1//libfabric/lib:/opt/intel/oneapi/mpi/2021.5.1//lib/release:/opt/intel/oneapi/mpi/2021.5.1//lib:/opt/intel/oneapi/mkl/2022.0.2/lib/intel64:/opt/intel/oneapi/itac/2021.5.0/slib:/opt/intel/oneapi/debugger/2021.5.0/gdb/intel64/lib:/opt/intel/oneapi/debugger/2021.5.0/libipt/intel64/lib:/opt/intel/oneapi/debugger/2021.5.0/dep/lib:/opt/intel/oneapi/compiler/2022.0.2/linux/lib:/opt/intel/oneapi/compiler/2022.0.2/linux/lib/x64:/opt/intel/oneapi/compiler/2022.0.2/linux/lib/oclfpga/host/linux64/lib:/opt/intel/oneapi/compiler/2022.0.2/linux/compiler/lib/intel64_lin
284 [22714017474432] INFO perfrun.launcher <> - set environment variable: INTEL_LIBITTNOTIFY32 = /opt/intel/oneapi/vtune/2023.1.0/lib32/runtime/libittnotify_collector.so
284 [22714017474432] INFO perfrun.launcher <> - set environment variable: INTEL_LIBITTNOTIFY64 = /opt/intel/oneapi/vtune/2023.1.0/lib64/runtime/libittnotify_collector.so
284 [22714017474432] INFO perfrun.launcher <> - set environment variable: INTEL_ITTNOTIFY_GROUPS = 
284 [22714017474432] INFO perfrun.launcher <> - set environment variable: INTEL_JIT_PROFILER32 = /opt/intel/oneapi/vtune/2023.1.0/lib32/runtime/libittnotify_collector.so
285 [22714017474432] INFO perfrun.launcher <> - set environment variable: INTEL_JIT_PROFILER64 = /opt/intel/oneapi/vtune/2023.1.0/lib64/runtime/libittnotify_collector.so
285 [22714017474432] INFO perfrun.launcher <> - set environment variable: OMP_TOOL_LIBRARIES = /opt/intel/oneapi/vtune/2023.1.0/lib32/runtime/libittnotify_collector.so:/opt/intel/oneapi/vtune/2023.1.0/lib64/runtime/libittnotify_collector.so
285 [22714017474432] INFO perfrun.launcher <> - set environment variable: ENABLE_JITPROFILING = 1
285 [22714017474432] INFO perfrun.launcher <> - set environment variable: CL_CONFIG_USE_VTUNE = True
285 [22714017474432] INFO perfrun.launcher <> - set environment variable: LD_PRELOAD = libittnotify_collector.so:
285 [22714017474432] INFO perfrun.launcher <> - set environment variable: KMP_FORKJOIN_FRAMES = 0
285 [22714017474432] INFO perfrun.launcher <> - set environment variable: KMP_FORKJOIN_FRAMES_MODE = 0
285 [22714017474432] INFO perfrun.launcher <> - set environment variable: OMP_TOOL = disabled
285 [22714017474432] INFO perfrun.launcher <> - set environment variable: INTEL_MRTE_DATA_DIR = /home/course/hpc/users/2020011851/exp8/results.conv3/data.1
285 [22714017474432] INFO perfrun.launcher <> - set environment variable: INTEL_MRTE_HOST_NAME = conv3
285 [22714017474432] INFO perfrun.launcher <> - set environment variable: JAVA_TOOL_OPTIONS = -agentlib:amplxe_tpssmrte_javaprof_1.0 -Dsun.boot.library.path=/opt/intel/oneapi/vtune/2023.1.0/lib32/runtime:/opt/intel/oneapi/vtune/2023.1.0/lib64/runtime
285 [22714017474432] INFO perfrun.launcher <> - set environment variable: LD_LIBRARY_PATH = /opt/intel/oneapi/vtune/2023.1.0/lib32/runtime:/opt/intel/oneapi/vtune/2023.1.0/lib64/runtime:/opt/intel/oneapi/tbb/2021.5.1/env/../lib/intel64/gcc4.8:/opt/intel/oneapi/mpi/2021.5.1//libfabric/lib:/opt/intel/oneapi/mpi/2021.5.1//lib/release:/opt/intel/oneapi/mpi/2021.5.1//lib:/opt/intel/oneapi/mkl/2022.0.2/lib/intel64:/opt/intel/oneapi/itac/2021.5.0/slib:/opt/intel/oneapi/debugger/2021.5.0/gdb/intel64/lib:/opt/intel/oneapi/debugger/2021.5.0/libipt/intel64/lib:/opt/intel/oneapi/debugger/2021.5.0/dep/lib:/opt/intel/oneapi/compiler/2022.0.2/linux/lib:/opt/intel/oneapi/compiler/2022.0.2/linux/lib/x64:/opt/intel/oneapi/compiler/2022.0.2/linux/lib/oclfpga/host/linux64/lib:/opt/intel/oneapi/compiler/2022.0.2/linux/compiler/lib/intel64_lin
285 [22714017474432] INFO perfrun.launcher <> - set environment variable: CORECLR_ENABLE_PROFILING = 1
285 [22714017474432] INFO perfrun.launcher <> - set environment variable: CORECLR_PROFILER = {AA5E4821-E3B1-479c-B7FF-5AD047D22CED}
285 [22714017474432] INFO perfrun.launcher <> - set environment variable: CORECLR_PROFILER_PATH = /opt/intel/oneapi/vtune/2023.1.0/lib64/libamplxe_samplingmrte_clrprof_1.0.so
285 [22714017474432] INFO perfrun.launcher <> - set environment variable: INTEL_MRTE_PROFILER_MODE = mixed
285 [22714017474432] INFO perfrun.launcher <> - RpcServer: run RPC server to handle requests
286 [22714017474432] INFO perfrun.launcher <> - Launcher: command line to start before modification = ./run.sh 2020011851
286 [22714017474432] INFO perfrun.launcher <> - Launcher: command line to start after modification = /opt/intel/oneapi/vtune/2023.1.0/bin64/pin -error_file /home/course/hpc/users/2020011851/exp8/results.conv3/data.1/pinerr.tpsslog -detach_reattach -follow_execv -tool_load_option deepbind -t64 /opt/intel/oneapi/vtune/2023.1.0/lib64/libtpsstool.so -t /opt/intel/oneapi/vtune/2023.1.0/lib32/libtpsstool.so -server_name tpss_ipc.2175665 -prd_dir /opt/intel/oneapi/vtune/2023.1.0 -- ./run.sh 2020011851
588 [22714017474432] INFO perfrun.launcher <> - ProcessCreator object was created
589 [22714017474432] INFO perfrun.launcher <> - Launcher: the process was started in suspend mode
593 [22713877915328] WARN perfrun.system <> - Could not do anything with /sys/kernel/debug/kvm: boost::filesystem::status: Permission denied: "/sys/kernel/debug/kvm", at file: vcs/perfrun1/plugins/system/src/trace_writer.cpp:787
593 [22713877915328] WARN perfrun.system <> - Folder "/var/run/libvirt/qemu/"doesn't exist, at file: vcs/perfrun1/plugins/system/src/trace_writer.cpp:800
593 [22713877915328] INFO perfrun.itt <> - start itt controller for pid #2175695
594 [22713877915328] INFO perfrun.perfcollector <> - attaching to pid: 2175695, collect mode: 1, rc modes: 1
594 [22713792743104] WARN perfrun.perfcollector <> - Perf stat trace pipe capacity: read = 1048576, write = 1048576, at file: vcs/perfrun1/plugins/perfcollector/src/profiler.cpp:765
596 [22713792743104] INFO perfrun.sdk <> - runCmd: /opt/intel/oneapi/vtune/2023.1.0/bin64/amplxe-perf stat -v --log-fd 22 --control=fd:23,26 --scale -x ; -p 2175695 -e cpu/event=0x3c,name='CPU_CLK_UNHALTED.THREAD'/Duk,cpu/umask=0x3,name='CPU_CLK_UNHALTED.REF_TSC'/Duk,cpu/event=0xc0,name='INST_RETIRED.ANY'/Duk,cpu/event=0x3c,umask=0x1,name='CPU_CLK_UNHALTED.REF_XCLK'/uk,cpu/event=0x3c,umask=0x2,name='CPU_CLK_UNHALTED.ONE_THREAD_ACTIVE'/uk,cpu/event=0xc7,umask=0x2,name='FP_ARITH_INST_RETIRED.SCALAR_SINGLE'/uk,cpu/event=0xc7,umask=0x8,name='FP_ARITH_INST_RETIRED.128B_PACKED_SINGLE'/uk,cpu/event=0xc7,umask=0x20,name='FP_ARITH_INST_RETIRED.256B_PACKED_SINGLE'/uk,cpu/event=0xc7,umask=0x1,name='FP_ARITH_INST_RETIRED.SCALAR_DOUBLE'/uk,cpu/event=0xc7,umask=0x4,name='FP_ARITH_INST_RETIRED.128B_PACKED_DOUBLE'/uk,cpu/event=0xc7,umask=0x10,name='FP_ARITH_INST_RETIRED.256B_PACKED_DOUBLE'/uk,cpu/event=0xc0,umask=0x2,name='INST_RETIRED.X87'/uk,cpu/event=0xc2,umask=0x2,name='UOPS_RETIRED.RETIRE_SLOTS'/uk /opt/intel/oneapi/vtune/2023.1.0/bin64/amplxe-perf-sync sync sys
597 [22713792743104] INFO perfrun.sdk <> - runCmd started PID 2175699
668 [22713877915328] INFO perfrun.tpss <> - start tpss controller for pid #2175695
720 [22714017474432] INFO perfrun.launcher <> - Launcher: all plugins were started
720 [22714017474432] INFO perfrun.launcher <> - DirectoryMonitor object was created
720 [22714017474432] INFO perfrun.launcher <> - DirectoryMonitor: a callback was added
720 [22714017474432] INFO perfrun.launcher <> - DirectoryMonitor was started with pingTime = 1000
720 [22714017474432] INFO perfrun.launcher <> - DeadlineTimer is going to be constructed
720 [22714017474432] INFO perfrun.launcher <> - DeadlineTimer: a callback was added
723 [22714017474432] INFO perfrun.launcher <> - Launcher: resume the profiled application and  wait its termination or stop command
1231 [22714017474432] INFO perfrun.launcher <> - Launcher: the profiled application was terminated  with exit code = 1
1263 [22713877915328] INFO perfrun.itt <> - detach itt controller
1263 [22713877915328] INFO perfrun.itt <> - detach itt controller done
1266 [22713792743104] INFO perfrun.perfcollector <> - Monitor: runCmd RC = true
1266 [22713877915328] INFO perfrun.perfcollector <> - Monitor: state = 3, error = 1
1267 [22713877915328] INFO perfrun.tpss <> - stop tpss controller
1270 [22713877915328] INFO perfrun.sdk <> - De-allocating TMU: /home/course/hpc/users/2020011851/exp8/results.conv3/data.1/systemcollector-2175665-conv3.sc
1270 [22713877915328] INFO perfrun.system <> - closed the system trace file: /home/course/hpc/users/2020011851/exp8/results.conv3/data.1/systemcollector-2175665-conv3.sc
1270 [22714017474432] INFO perfrun.launcher <> - Launcher: all plugins were stopped.
1270 [22714017474432] INFO perfrun.launcher <> - DeadlineTimer is going to be destroyed
1271 [22714017474432] INFO perfrun.launcher <> - DeadlineTimer was destroyed
1271 [22714017474432] INFO perfrun.launcher <> - DirectoryMonitor object was destroyed
1271 [22714017474432] WARN perfrun.launcher <> - Stop command is ignored because it is received when collection is already stopped, at file: vcs/perfrun1/launcher/src/command_handler.cpp:226
1271 [22714017474432] INFO perfrun.launcher <> - Application exit code: 1
1271 [22714017474432] INFO perfrun.launcher <> - Exit code: 4
