[..1851/PA3/src/util.cu:74 (argParse)] dset = "arxiv" (std::string)
[..1851/PA3/src/data.cu:5 (load_graph)] loading
[..51/PA3/test/main.cpp:17 (main)] kLen = 256 (int)
[==========] Running 3 tests from 1 test suite.
[----------] Global test environment set-up.
[----------] 3 tests from SpMMTest
[ RUN      ] SpMMTest.validation
[       OK ] SpMMTest.validation (414 ms)
[ RUN      ] SpMMTest.cusparse_performance
[..A3/test/test_spmm.cu:52 (TestBody)] time = 0.00299297 (double)
[       OK ] SpMMTest.cusparse_performance (312 ms)
[ RUN      ] SpMMTest.opt_performance
[..A3/test/test_spmm.cu:61 (TestBody)] time = 0.00409631 (double)
[       OK ] SpMMTest.opt_performance (143 ms)
[----------] 3 tests from SpMMTest (870 ms total)

[----------] Global test environment tear-down
[==========] 3 tests from 1 test suite ran. (870 ms total)
[  PASSED  ] 3 tests.
[..1851/PA3/src/util.cu:74 (argParse)] dset = "collab" (std::string)
[..1851/PA3/src/data.cu:5 (load_graph)] loading
[..51/PA3/test/main.cpp:17 (main)] kLen = 256 (int)
[==========] Running 3 tests from 1 test suite.
[----------] Global test environment set-up.
[----------] 3 tests from SpMMTest
[ RUN      ] SpMMTest.validation
[       OK ] SpMMTest.validation (219 ms)
[ RUN      ] SpMMTest.cusparse_performance
[..A3/test/test_spmm.cu:52 (TestBody)] time = 0.00520003 (double)
[       OK ] SpMMTest.cusparse_performance (385 ms)
[ RUN      ] SpMMTest.opt_performance
[..A3/test/test_spmm.cu:61 (TestBody)] time = 0.00433869 (double)
[       OK ] SpMMTest.opt_performance (156 ms)
[----------] 3 tests from SpMMTest (761 ms total)

[----------] Global test environment tear-down
[==========] 3 tests from 1 test suite ran. (761 ms total)
[  PASSED  ] 3 tests.
[..1851/PA3/src/util.cu:74 (argParse)] dset = "citation" (std::string)
[..1851/PA3/src/data.cu:5 (load_graph)] loading
[..51/PA3/test/main.cpp:17 (main)] kLen = 256 (int)
[==========] Running 3 tests from 1 test suite.
[----------] Global test environment set-up.
[----------] 3 tests from SpMMTest
[ RUN      ] SpMMTest.validation
