[..1851/PA3/src/util.cu:74 (argParse)] dset = "arxiv" (std::string)
[..1851/PA3/src/data.cu:5 (load_graph)] loading
[..51/PA3/test/main.cpp:17 (main)] kLen = 32 (int)
[==========] Running 3 tests from 1 test suite.
[----------] Global test environment set-up.
[----------] 3 tests from SpMMTest
[ RUN      ] SpMMTest.validation
[       OK ] SpMMTest.validation (51 ms)
[ RUN      ] SpMMTest.cusparse_performance
[..A3/test/test_spmm.cu:52 (TestBody)] time = 0.000731585 (double)
[       OK ] SpMMTest.cusparse_performance (240 ms)
[ RUN      ] SpMMTest.opt_performance
[..A3/test/test_spmm.cu:61 (TestBody)] time = 0.00146081 (double)
[       OK ] SpMMTest.opt_performance (47 ms)
[----------] 3 tests from SpMMTest (339 ms total)

[----------] Global test environment tear-down
[==========] 3 tests from 1 test suite ran. (339 ms total)
[  PASSED  ] 3 tests.
[..1851/PA3/src/util.cu:74 (argParse)] dset = "collab" (std::string)
[..1851/PA3/src/data.cu:5 (load_graph)] loading
[..51/PA3/test/main.cpp:17 (main)] kLen = 32 (int)
[==========] Running 3 tests from 1 test suite.
[----------] Global test environment set-up.
[----------] 3 tests from SpMMTest
[ RUN      ] SpMMTest.validation
[       OK ] SpMMTest.validation (29 ms)
[ RUN      ] SpMMTest.cusparse_performance
[..A3/test/test_spmm.cu:52 (TestBody)] time = 0.00127049 (double)
[       OK ] SpMMTest.cusparse_performance (247 ms)
[ RUN      ] SpMMTest.opt_performance
[..A3/test/test_spmm.cu:61 (TestBody)] time = 0.000926236 (double)
[       OK ] SpMMTest.opt_performance (32 ms)
[----------] 3 tests from SpMMTest (309 ms total)

[----------] Global test environment tear-down
[==========] 3 tests from 1 test suite ran. (309 ms total)
[  PASSED  ] 3 tests.
[..1851/PA3/src/util.cu:74 (argParse)] dset = "citation" (std::string)
[..1851/PA3/src/data.cu:5 (load_graph)] loading
[..51/PA3/test/main.cpp:17 (main)] kLen = 32 (int)
[==========] Running 3 tests from 1 test suite.
[----------] Global test environment set-up.
[----------] 3 tests from SpMMTest
[ RUN      ] SpMMTest.validation
[       OK ] SpMMTest.validation (364 ms)
[ RUN      ] SpMMTest.cusparse_performance
[..A3/test/test_spmm.cu:52 (TestBody)] time = 0.0164466 (double)
[       OK ] SpMMTest.cusparse_performance (732 ms)
[ RUN      ] SpMMTest.opt_performance
[..A3/test/test_spmm.cu:61 (TestBody)] time = 0.0124203 (double)
[       OK ] SpMMTest.opt_performance (409 ms)
[----------] 3 tests from SpMMTest (1505 ms total)

[----------] Global test environment tear-down
[==========] 3 tests from 1 test suite ran. (1505 ms total)
[  PASSED  ] 3 tests.
[..1851/PA3/src/util.cu:74 (argParse)] dset = "ddi" (std::string)
[..1851/PA3/src/data.cu:5 (load_graph)] loading
[..51/PA3/test/main.cpp:17 (main)] kLen = 32 (int)
[==========] Running 3 tests from 1 test suite.
[----------] Global test environment set-up.
[----------] 3 tests from SpMMTest
[ RUN      ] SpMMTest.validation
[       OK ] SpMMTest.validation (16 ms)
[ RUN      ] SpMMTest.cusparse_performance
[..A3/test/test_spmm.cu:52 (TestBody)] time = 0.000640518 (double)
[       OK ] SpMMTest.cusparse_performance (217 ms)
[ RUN      ] SpMMTest.opt_performance
[..A3/test/test_spmm.cu:61 (TestBody)] time = 0.000791367 (double)
[       OK ] SpMMTest.opt_performance (24 ms)
[----------] 3 tests from SpMMTest (258 ms total)

[----------] Global test environment tear-down
[==========] 3 tests from 1 test suite ran. (258 ms total)
[  PASSED  ] 3 tests.
[..1851/PA3/src/util.cu:74 (argParse)] dset = "protein" (std::string)
[..1851/PA3/src/data.cu:5 (load_graph)] loading
[..51/PA3/test/main.cpp:17 (main)] kLen = 32 (int)
[==========] Running 3 tests from 1 test suite.
[----------] Global test environment set-up.
[----------] 3 tests from SpMMTest
[ RUN      ] SpMMTest.validation
[       OK ] SpMMTest.validation (797 ms)
[ RUN      ] SpMMTest.cusparse_performance
[..A3/test/test_spmm.cu:52 (TestBody)] time = 0.0246247 (double)
[       OK ] SpMMTest.cusparse_performance (960 ms)
[ RUN      ] SpMMTest.opt_performance
[..A3/test/test_spmm.cu:61 (TestBody)] time = 0.0207439 (double)
[       OK ] SpMMTest.opt_performance (638 ms)
[----------] 3 tests from SpMMTest (2396 ms total)

[----------] Global test environment tear-down
[==========] 3 tests from 1 test suite ran. (2396 ms total)
[  PASSED  ] 3 tests.
[..1851/PA3/src/util.cu:74 (argParse)] dset = "ppa" (std::string)
[..1851/PA3/src/data.cu:5 (load_graph)] loading
[..51/PA3/test/main.cpp:17 (main)] kLen = 32 (int)
[==========] Running 3 tests from 1 test suite.
[----------] Global test environment set-up.
[----------] 3 tests from SpMMTest
[ RUN      ] SpMMTest.validation
[       OK ] SpMMTest.validation (472 ms)
[ RUN      ] SpMMTest.cusparse_performance
[..A3/test/test_spmm.cu:52 (TestBody)] time = 0.0183788 (double)
[       OK ] SpMMTest.cusparse_performance (764 ms)
[ RUN      ] SpMMTest.opt_performance
[..A3/test/test_spmm.cu:61 (TestBody)] time = 0.0153448 (double)
[       OK ] SpMMTest.opt_performance (476 ms)
[----------] 3 tests from SpMMTest (1713 ms total)

[----------] Global test environment tear-down
[==========] 3 tests from 1 test suite ran. (1713 ms total)
[  PASSED  ] 3 tests.
[..1851/PA3/src/util.cu:74 (argParse)] dset = "reddit.dgl" (std::string)
[..1851/PA3/src/data.cu:5 (load_graph)] loading
[..51/PA3/test/main.cpp:17 (main)] kLen = 32 (int)
[==========] Running 3 tests from 1 test suite.
[----------] Global test environment set-up.
[----------] 3 tests from SpMMTest
[ RUN      ] SpMMTest.validation
[       OK ] SpMMTest.validation (1142 ms)
[ RUN      ] SpMMTest.cusparse_performance
[..A3/test/test_spmm.cu:52 (TestBody)] time = 0.0486531 (double)
[       OK ] SpMMTest.cusparse_performance (1685 ms)
[ RUN      ] SpMMTest.opt_performance
