[..1851/PA3/src/util.cu:74 (argParse)] dset = "arxiv" (std::string)
[..1851/PA3/src/data.cu:5 (load_graph)] loading
[..51/PA3/test/main.cpp:17 (main)] kLen = 256 (int)
[==========] Running 3 tests from 1 test suite.
[----------] Global test environment set-up.
[----------] 3 tests from SpMMTest
[ RUN      ] SpMMTest.validation
/home/course/hpc/users/2020011851/PA3/test/test_spmm.cu:43: Failure
Expected: (valid(p_out_feat_vec, p_out_feat_vec_ref, kNumV * kLen)) < (kNumV * kLen / 10000 + 1), actual: 26539888 vs 4336

[  FAILED  ] SpMMTest.validation (410 ms)
[ RUN      ] SpMMTest.cusparse_performance
[..A3/test/test_spmm.cu:52 (TestBody)] time = 0.00299208 (double)
[       OK ] SpMMTest.cusparse_performance (311 ms)
[ RUN      ] SpMMTest.opt_performance
Cuda failure: 700
/home/course/hpc/users/2020011851/PA3/./include/util.h:133
Aborting...
[..1851/PA3/src/util.cu:74 (argParse)] dset = "collab" (std::string)
[..1851/PA3/src/data.cu:5 (load_graph)] loading
[..51/PA3/test/main.cpp:17 (main)] kLen = 256 (int)
[==========] Running 3 tests from 1 test suite.
[----------] Global test environment set-up.
[----------] 3 tests from SpMMTest
[ RUN      ] SpMMTest.validation
/home/course/hpc/users/2020011851/PA3/test/test_spmm.cu:43: Failure
Expected: (valid(p_out_feat_vec, p_out_feat_vec_ref, kNumV * kLen)) < (kNumV * kLen / 10000 + 1), actual: 58274016 vs 6039

[  FAILED  ] SpMMTest.validation (229 ms)
[ RUN      ] SpMMTest.cusparse_performance
[..A3/test/test_spmm.cu:52 (TestBody)] time = 0.00520301 (double)
[       OK ] SpMMTest.cusparse_performance (388 ms)
[ RUN      ] SpMMTest.opt_performance
Cuda failure: 700
/home/course/hpc/users/2020011851/PA3/./include/util.h:133
Aborting...
[..1851/PA3/src/util.cu:74 (argParse)] dset = "citation" (std::string)
[..1851/PA3/src/data.cu:5 (load_graph)] loading
[..51/PA3/test/main.cpp:17 (main)] kLen = 256 (int)
[==========] Running 3 tests from 1 test suite.
[----------] Global test environment set-up.
[----------] 3 tests from SpMMTest
[ RUN      ] SpMMTest.validation
/home/course/hpc/users/2020011851/PA3/test/test_spmm.cu:43: Failure
Expected: (valid(p_out_feat_vec, p_out_feat_vec_ref, kNumV * kLen)) < (kNumV * kLen / 10000 + 1), actual: 691922700 vs 74956

[  FAILED  ] SpMMTest.validation (3012 ms)
[ RUN      ] SpMMTest.cusparse_performance
[..A3/test/test_spmm.cu:52 (TestBody)] time = 0.0788263 (double)
[       OK ] SpMMTest.cusparse_performance (2828 ms)
[ RUN      ] SpMMTest.opt_performance
Cuda failure: 700
/home/course/hpc/users/2020011851/PA3/./include/util.h:133
Aborting...
[..1851/PA3/src/util.cu:74 (argParse)] dset = "ddi" (std::string)
[..1851/PA3/src/data.cu:5 (load_graph)] loading
[..51/PA3/test/main.cpp:17 (main)] kLen = 256 (int)
[==========] Running 3 tests from 1 test suite.
[----------] Global test environment set-up.
[----------] 3 tests from SpMMTest
[ RUN      ] SpMMTest.validation
/home/course/hpc/users/2020011851/PA3/test/test_spmm.cu:43: Failure
Expected: (valid(p_out_feat_vec, p_out_feat_vec_ref, kNumV * kLen)) < (kNumV * kLen / 10000 + 1), actual: 1008797 vs 110

[  FAILED  ] SpMMTest.validation (118 ms)
[ RUN      ] SpMMTest.cusparse_performance
[..A3/test/test_spmm.cu:52 (TestBody)] time = 0.00155186 (double)
[       OK ] SpMMTest.cusparse_performance (258 ms)
[ RUN      ] SpMMTest.opt_performance
Cuda failure: 700
/home/course/hpc/users/2020011851/PA3/./include/util.h:133
Aborting...
[..1851/PA3/src/util.cu:74 (argParse)] dset = "protein" (std::string)
[..1851/PA3/src/data.cu:5 (load_graph)] loading
[..51/PA3/test/main.cpp:17 (main)] kLen = 256 (int)
[==========] Running 3 tests from 1 test suite.
[----------] Global test environment set-up.
[----------] 3 tests from SpMMTest
[ RUN      ] SpMMTest.validation
/home/course/hpc/users/2020011851/PA3/test/test_spmm.cu:43: Failure
Expected: (valid(p_out_feat_vec, p_out_feat_vec_ref, kNumV * kLen)) < (kNumV * kLen / 10000 + 1), actual: 31184096 vs 3393

[  FAILED  ] SpMMTest.validation (7861 ms)
[ RUN      ] SpMMTest.cusparse_performance
[..A3/test/test_spmm.cu:52 (TestBody)] time = 0.0808369 (double)
[       OK ] SpMMTest.cusparse_performance (2649 ms)
[ RUN      ] SpMMTest.opt_performance
Cuda failure: 700
/home/course/hpc/users/2020011851/PA3/./include/util.h:133
Aborting...
[..1851/PA3/src/util.cu:74 (argParse)] dset = "ppa" (std::string)
[..1851/PA3/src/data.cu:5 (load_graph)] loading
[..51/PA3/test/main.cpp:17 (main)] kLen = 256 (int)
[==========] Running 3 tests from 1 test suite.
[----------] Global test environment set-up.
[----------] 3 tests from SpMMTest
[ RUN      ] SpMMTest.validation
