[..1851/PA3/src/util.cu:74 (argParse)] dset = "arxiv" (std::string)
[..1851/PA3/src/data.cu:5 (load_graph)] loading
[..51/PA3/test/main.cpp:17 (main)] kLen = 32 (int)
[==========] Running 3 tests from 1 test suite.
[----------] Global test environment set-up.
[----------] 3 tests from SpMMTest
[ RUN      ] SpMMTest.validation
[       OK ] SpMMTest.validation (55 ms)
[ RUN      ] SpMMTest.cusparse_performance
[..A3/test/test_spmm.cu:52 (TestBody)] time = 0.000757591 (double)
[       OK ] SpMMTest.cusparse_performance (221 ms)
[ RUN      ] SpMMTest.opt_performance
[..A3/test/test_spmm.cu:61 (TestBody)] time = 0.00123922 (double)
[       OK ] SpMMTest.opt_performance (40 ms)
[----------] 3 tests from SpMMTest (317 ms total)

[----------] Global test environment tear-down
[==========] 3 tests from 1 test suite ran. (318 ms total)
[  PASSED  ] 3 tests.
[..1851/PA3/src/util.cu:74 (argParse)] dset = "collab" (std::string)
[..1851/PA3/src/data.cu:5 (load_graph)] loading
[..51/PA3/test/main.cpp:17 (main)] kLen = 32 (int)
[==========] Running 3 tests from 1 test suite.
[----------] Global test environment set-up.
[----------] 3 tests from SpMMTest
[ RUN      ] SpMMTest.validation
[       OK ] SpMMTest.validation (29 ms)
[ RUN      ] SpMMTest.cusparse_performance
[..A3/test/test_spmm.cu:52 (TestBody)] time = 0.00131049 (double)
[       OK ] SpMMTest.cusparse_performance (254 ms)
[ RUN      ] SpMMTest.opt_performance
[..A3/test/test_spmm.cu:61 (TestBody)] time = 0.000631546 (double)
[       OK ] SpMMTest.opt_performance (23 ms)
[----------] 3 tests from SpMMTest (307 ms total)

[----------] Global test environment tear-down
[==========] 3 tests from 1 test suite ran. (307 ms total)
[  PASSED  ] 3 tests.
[..1851/PA3/src/util.cu:74 (argParse)] dset = "citation" (std::string)
[..1851/PA3/src/data.cu:5 (load_graph)] loading
[..51/PA3/test/main.cpp:17 (main)] kLen = 32 (int)
[==========] Running 3 tests from 1 test suite.
[----------] Global test environment set-up.
[----------] 3 tests from SpMMTest
[ RUN      ] SpMMTest.validation
[       OK ] SpMMTest.validation (360 ms)
[ RUN      ] SpMMTest.cusparse_performance
[..A3/test/test_spmm.cu:52 (TestBody)] time = 0.0164477 (double)
[       OK ] SpMMTest.cusparse_performance (736 ms)
[ RUN      ] SpMMTest.opt_performance
[..A3/test/test_spmm.cu:61 (TestBody)] time = 0.00901048 (double)
[       OK ] SpMMTest.opt_performance (307 ms)
[----------] 3 tests from SpMMTest (1404 ms total)

[----------] Global test environment tear-down
[==========] 3 tests from 1 test suite ran. (1404 ms total)
[  PASSED  ] 3 tests.
[..1851/PA3/src/util.cu:74 (argParse)] dset = "ddi" (std::string)
[..1851/PA3/src/data.cu:5 (load_graph)] loading
[..51/PA3/test/main.cpp:17 (main)] kLen = 32 (int)
[==========] Running 3 tests from 1 test suite.
[----------] Global test environment set-up.
[----------] 3 tests from SpMMTest
[ RUN      ] SpMMTest.validation
[       OK ] SpMMTest.validation (16 ms)
[ RUN      ] SpMMTest.cusparse_performance
[..A3/test/test_spmm.cu:52 (TestBody)] time = 0.000640996 (double)
[       OK ] SpMMTest.cusparse_performance (234 ms)
[ RUN      ] SpMMTest.opt_performance
[..A3/test/test_spmm.cu:61 (TestBody)] time = 0.000280975 (double)
[       OK ] SpMMTest.opt_performance (8 ms)
[----------] 3 tests from SpMMTest (259 ms total)

[----------] Global test environment tear-down
[==========] 3 tests from 1 test suite ran. (259 ms total)
[  PASSED  ] 3 tests.
[..1851/PA3/src/util.cu:74 (argParse)] dset = "protein" (std::string)
[..1851/PA3/src/data.cu:5 (load_graph)] loading
[..51/PA3/test/main.cpp:17 (main)] kLen = 32 (int)
[==========] Running 3 tests from 1 test suite.
[----------] Global test environment set-up.
[----------] 3 tests from SpMMTest
[ RUN      ] SpMMTest.validation
[       OK ] SpMMTest.validation (807 ms)
[ RUN      ] SpMMTest.cusparse_performance
[..A3/test/test_spmm.cu:52 (TestBody)] time = 0.0246655 (double)
[       OK ] SpMMTest.cusparse_performance (960 ms)
[ RUN      ] SpMMTest.opt_performance
[..A3/test/test_spmm.cu:61 (TestBody)] time = 0.00818141 (double)
[       OK ] SpMMTest.opt_performance (260 ms)
[----------] 3 tests from SpMMTest (2027 ms total)

[----------] Global test environment tear-down
[==========] 3 tests from 1 test suite ran. (2028 ms total)
[  PASSED  ] 3 tests.
[..1851/PA3/src/util.cu:74 (argParse)] dset = "ppa" (std::string)
[..1851/PA3/src/data.cu:5 (load_graph)] loading
[..51/PA3/test/main.cpp:17 (main)] kLen = 32 (int)
[==========] Running 3 tests from 1 test suite.
[----------] Global test environment set-up.
[----------] 3 tests from SpMMTest
[ RUN      ] SpMMTest.validation
[       OK ] SpMMTest.validation (466 ms)
[ RUN      ] SpMMTest.cusparse_performance
[..A3/test/test_spmm.cu:52 (TestBody)] time = 0.0183812 (double)
[       OK ] SpMMTest.cusparse_performance (767 ms)
[ RUN      ] SpMMTest.opt_performance
[..A3/test/test_spmm.cu:61 (TestBody)] time = 0.0102218 (double)
[       OK ] SpMMTest.opt_performance (323 ms)
[----------] 3 tests from SpMMTest (1556 ms total)

[----------] Global test environment tear-down
[==========] 3 tests from 1 test suite ran. (1556 ms total)
[  PASSED  ] 3 tests.
[..1851/PA3/src/util.cu:74 (argParse)] dset = "reddit.dgl" (std::string)
[..1851/PA3/src/data.cu:5 (load_graph)] loading
[..51/PA3/test/main.cpp:17 (main)] kLen = 32 (int)
[==========] Running 3 tests from 1 test suite.
[----------] Global test environment set-up.
[----------] 3 tests from SpMMTest
[ RUN      ] SpMMTest.validation
[       OK ] SpMMTest.validation (1127 ms)
[ RUN      ] SpMMTest.cusparse_performance
[..A3/test/test_spmm.cu:52 (TestBody)] time = 0.0486508 (double)
[       OK ] SpMMTest.cusparse_performance (1680 ms)
[ RUN      ] SpMMTest.opt_performance
[..A3/test/test_spmm.cu:61 (TestBody)] time = 0.0215789 (double)
[       OK ] SpMMTest.opt_performance (669 ms)
[----------] 3 tests from SpMMTest (3477 ms total)

[----------] Global test environment tear-down
[==========] 3 tests from 1 test suite ran. (3477 ms total)
[  PASSED  ] 3 tests.
[..1851/PA3/src/util.cu:74 (argParse)] dset = "products" (std::string)
[..1851/PA3/src/data.cu:5 (load_graph)] loading
[..51/PA3/test/main.cpp:17 (main)] kLen = 32 (int)
[==========] Running 3 tests from 1 test suite.
[----------] Global test environment set-up.
[----------] 3 tests from SpMMTest
[ RUN      ] SpMMTest.validation
[       OK ] SpMMTest.validation (1402 ms)
[ RUN      ] SpMMTest.cusparse_performance
[..A3/test/test_spmm.cu:52 (TestBody)] time = 0.0558138 (double)
[       OK ] SpMMTest.cusparse_performance (1916 ms)
[ RUN      ] SpMMTest.opt_performance
[..A3/test/test_spmm.cu:61 (TestBody)] time = 0.0319347 (double)
[       OK ] SpMMTest.opt_performance (1003 ms)
[----------] 3 tests from SpMMTest (4323 ms total)

[----------] Global test environment tear-down
[==========] 3 tests from 1 test suite ran. (4323 ms total)
[  PASSED  ] 3 tests.
[..1851/PA3/src/util.cu:74 (argParse)] dset = "youtube" (std::string)
[..1851/PA3/src/data.cu:5 (load_graph)] loading
[..51/PA3/test/main.cpp:17 (main)] kLen = 32 (int)
[==========] Running 3 tests from 1 test suite.
[----------] Global test environment set-up.
[----------] 3 tests from SpMMTest
[ RUN      ] SpMMTest.validation
[       OK ] SpMMTest.validation (156 ms)
[ RUN      ] SpMMTest.cusparse_performance
[..A3/test/test_spmm.cu:52 (TestBody)] time = 0.00364466 (double)
[       OK ] SpMMTest.cusparse_performance (332 ms)
[ RUN      ] SpMMTest.opt_performance
[..A3/test/test_spmm.cu:61 (TestBody)] time = 0.00325307 (double)
[       OK ] SpMMTest.opt_performance (116 ms)
[----------] 3 tests from SpMMTest (604 ms total)

[----------] Global test environment tear-down
[==========] 3 tests from 1 test suite ran. (604 ms total)
[  PASSED  ] 3 tests.
[..1851/PA3/src/util.cu:74 (argParse)] dset = "amazon_cogdl" (std::string)
[..1851/PA3/src/data.cu:5 (load_graph)] loading
[..51/PA3/test/main.cpp:17 (main)] kLen = 32 (int)
[==========] Running 3 tests from 1 test suite.
[----------] Global test environment set-up.
[----------] 3 tests from SpMMTest
[ RUN      ] SpMMTest.validation
[       OK ] SpMMTest.validation (2551 ms)
[ RUN      ] SpMMTest.cusparse_performance
[..A3/test/test_spmm.cu:52 (TestBody)] time = 0.125342 (double)
[       OK ] SpMMTest.cusparse_performance (4007 ms)
[ RUN      ] SpMMTest.opt_performance
[..A3/test/test_spmm.cu:61 (TestBody)] time = 0.053871 (double)
[       OK ] SpMMTest.opt_performance (1661 ms)
[----------] 3 tests from SpMMTest (8220 ms total)

[----------] Global test environment tear-down
[==========] 3 tests from 1 test suite ran. (8221 ms total)
[  PASSED  ] 3 tests.
[..1851/PA3/src/util.cu:74 (argParse)] dset = "yelp" (std::string)
[..1851/PA3/src/data.cu:5 (load_graph)] loading
[..51/PA3/test/main.cpp:17 (main)] kLen = 32 (int)
[==========] Running 3 tests from 1 test suite.
[----------] Global test environment set-up.
[----------] 3 tests from SpMMTest
[ RUN      ] SpMMTest.validation
[       OK ] SpMMTest.validation (157 ms)
[ RUN      ] SpMMTest.cusparse_performance
[..A3/test/test_spmm.cu:52 (TestBody)] time = 0.00657315 (double)
[       OK ] SpMMTest.cusparse_performance (409 ms)
[ RUN      ] SpMMTest.opt_performance
[..A3/test/test_spmm.cu:61 (TestBody)] time = 0.00354253 (double)
[       OK ] SpMMTest.opt_performance (120 ms)
[----------] 3 tests from SpMMTest (686 ms total)

[----------] Global test environment tear-down
[==========] 3 tests from 1 test suite ran. (686 ms total)
[  PASSED  ] 3 tests.
[..1851/PA3/src/util.cu:74 (argParse)] dset = "wikikg2" (std::string)
[..1851/PA3/src/data.cu:5 (load_graph)] loading
[..51/PA3/test/main.cpp:17 (main)] kLen = 32 (int)
[==========] Running 3 tests from 1 test suite.
[----------] Global test environment set-up.
[----------] 3 tests from SpMMTest
[ RUN      ] SpMMTest.validation
[       OK ] SpMMTest.validation (67 ms)
[ RUN      ] SpMMTest.cusparse_performance
[..A3/test/test_spmm.cu:52 (TestBody)] time = 0.0071393 (double)
[       OK ] SpMMTest.cusparse_performance (451 ms)
[ RUN      ] SpMMTest.opt_performance
[..A3/test/test_spmm.cu:61 (TestBody)] time = 0.00444195 (double)
[       OK ] SpMMTest.opt_performance (165 ms)
[----------] 3 tests from SpMMTest (685 ms total)

[----------] Global test environment tear-down
[==========] 3 tests from 1 test suite ran. (685 ms total)
[  PASSED  ] 3 tests.
[..1851/PA3/src/util.cu:74 (argParse)] dset = "am" (std::string)
[..1851/PA3/src/data.cu:5 (load_graph)] loading
[..51/PA3/test/main.cpp:17 (main)] kLen = 32 (int)
[==========] Running 3 tests from 1 test suite.
[----------] Global test environment set-up.
[----------] 3 tests from SpMMTest
[ RUN      ] SpMMTest.validation
[       OK ] SpMMTest.validation (616 ms)
[ RUN      ] SpMMTest.cusparse_performance
[..A3/test/test_spmm.cu:52 (TestBody)] time = 0.00373958 (double)
[       OK ] SpMMTest.cusparse_performance (325 ms)
[ RUN      ] SpMMTest.opt_performance
[..A3/test/test_spmm.cu:61 (TestBody)] time = 0.0135724 (double)
[       OK ] SpMMTest.opt_performance (422 ms)
[----------] 3 tests from SpMMTest (1364 ms total)

[----------] Global test environment tear-down
[==========] 3 tests from 1 test suite ran. (1364 ms total)
[  PASSED  ] 3 tests.
