[..1851/PA3/src/util.cu:74 (argParse)] dset = "arxiv" (std::string)
[..1851/PA3/src/data.cu:5 (load_graph)] loading
[..51/PA3/test/main.cpp:17 (main)] kLen = 256 (int)
[==========] Running 3 tests from 1 test suite.
[----------] Global test environment set-up.
[----------] 3 tests from SpMMTest
[ RUN      ] SpMMTest.validation
[       OK ] SpMMTest.validation (413 ms)
[ RUN      ] SpMMTest.cusparse_performance
[..A3/test/test_spmm.cu:62 (TestBody)] time = 0.00299488 (double)
[       OK ] SpMMTest.cusparse_performance (309 ms)
[ RUN      ] SpMMTest.opt_performance
[..A3/test/test_spmm.cu:71 (TestBody)] time = 0.00409001 (double)
[       OK ] SpMMTest.opt_performance (144 ms)
[----------] 3 tests from SpMMTest (867 ms total)

[----------] Global test environment tear-down
[==========] 3 tests from 1 test suite ran. (867 ms total)
[  PASSED  ] 3 tests.
[..1851/PA3/src/util.cu:74 (argParse)] dset = "collab" (std::string)
[..1851/PA3/src/data.cu:5 (load_graph)] loading
[..51/PA3/test/main.cpp:17 (main)] kLen = 256 (int)
[==========] Running 3 tests from 1 test suite.
[----------] Global test environment set-up.
[----------] 3 tests from SpMMTest
[ RUN      ] SpMMTest.validation
[       OK ] SpMMTest.validation (230 ms)
[ RUN      ] SpMMTest.cusparse_performance
[..A3/test/test_spmm.cu:62 (TestBody)] time = 0.00520313 (double)
[       OK ] SpMMTest.cusparse_performance (387 ms)
[ RUN      ] SpMMTest.opt_performance
[..A3/test/test_spmm.cu:71 (TestBody)] time = 0.00433597 (double)
[       OK ] SpMMTest.opt_performance (161 ms)
[----------] 3 tests from SpMMTest (778 ms total)

[----------] Global test environment tear-down
[==========] 3 tests from 1 test suite ran. (779 ms total)
[  PASSED  ] 3 tests.
[..1851/PA3/src/util.cu:74 (argParse)] dset = "citation" (std::string)
[..1851/PA3/src/data.cu:5 (load_graph)] loading
[..51/PA3/test/main.cpp:17 (main)] kLen = 256 (int)
[==========] Running 3 tests from 1 test suite.
[----------] Global test environment set-up.
[----------] 3 tests from SpMMTest
[ RUN      ] SpMMTest.validation
[       OK ] SpMMTest.validation (2952 ms)
[ RUN      ] SpMMTest.cusparse_performance
[..A3/test/test_spmm.cu:62 (TestBody)] time = 0.0789112 (double)
[       OK ] SpMMTest.cusparse_performance (2845 ms)
[ RUN      ] SpMMTest.opt_performance
[..A3/test/test_spmm.cu:71 (TestBody)] time = 0.0686849 (double)
[       OK ] SpMMTest.opt_performance (2328 ms)
[----------] 3 tests from SpMMTest (8127 ms total)

[----------] Global test environment tear-down
[==========] 3 tests from 1 test suite ran. (8127 ms total)
[  PASSED  ] 3 tests.
[..1851/PA3/src/util.cu:74 (argParse)] dset = "ddi" (std::string)
[..1851/PA3/src/data.cu:5 (load_graph)] loading
[..51/PA3/test/main.cpp:17 (main)] kLen = 256 (int)
[==========] Running 3 tests from 1 test suite.
[----------] Global test environment set-up.
[----------] 3 tests from SpMMTest
[ RUN      ] SpMMTest.validation
[       OK ] SpMMTest.validation (105 ms)
[ RUN      ] SpMMTest.cusparse_performance
[..A3/test/test_spmm.cu:62 (TestBody)] time = 0.00155326 (double)
[       OK ] SpMMTest.cusparse_performance (252 ms)
[ RUN      ] SpMMTest.opt_performance
[..A3/test/test_spmm.cu:71 (TestBody)] time = 0.0015895 (double)
[       OK ] SpMMTest.opt_performance (50 ms)
[----------] 3 tests from SpMMTest (408 ms total)

[----------] Global test environment tear-down
[==========] 3 tests from 1 test suite ran. (408 ms total)
[  PASSED  ] 3 tests.
[..1851/PA3/src/util.cu:74 (argParse)] dset = "protein" (std::string)
[..1851/PA3/src/data.cu:5 (load_graph)] loading
[..51/PA3/test/main.cpp:17 (main)] kLen = 256 (int)
[==========] Running 3 tests from 1 test suite.
[----------] Global test environment set-up.
[----------] 3 tests from SpMMTest
[ RUN      ] SpMMTest.validation
[       OK ] SpMMTest.validation (7360 ms)
[ RUN      ] SpMMTest.cusparse_performance
[..A3/test/test_spmm.cu:62 (TestBody)] time = 0.0808536 (double)
[       OK ] SpMMTest.cusparse_performance (2677 ms)
[ RUN      ] SpMMTest.opt_performance
[..A3/test/test_spmm.cu:71 (TestBody)] time = 0.0676755 (double)
[       OK ] SpMMTest.opt_performance (2083 ms)
[----------] 3 tests from SpMMTest (12122 ms total)

[----------] Global test environment tear-down
[==========] 3 tests from 1 test suite ran. (12122 ms total)
[  PASSED  ] 3 tests.
[..1851/PA3/src/util.cu:74 (argParse)] dset = "ppa" (std::string)
[..1851/PA3/src/data.cu:5 (load_graph)] loading
[..51/PA3/test/main.cpp:17 (main)] kLen = 256 (int)
[==========] Running 3 tests from 1 test suite.
[----------] Global test environment set-up.
[----------] 3 tests from SpMMTest
[ RUN      ] SpMMTest.validation
[       OK ] SpMMTest.validation (3866 ms)
[ RUN      ] SpMMTest.cusparse_performance
[..A3/test/test_spmm.cu:62 (TestBody)] time = 0.0848747 (double)
[       OK ] SpMMTest.cusparse_performance (2816 ms)
[ RUN      ] SpMMTest.opt_performance
[..A3/test/test_spmm.cu:71 (TestBody)] time = 0.0805925 (double)
[       OK ] SpMMTest.opt_performance (2482 ms)
[----------] 3 tests from SpMMTest (9165 ms total)

[----------] Global test environment tear-down
[==========] 3 tests from 1 test suite ran. (9165 ms total)
[  PASSED  ] 3 tests.
[..1851/PA3/src/util.cu:74 (argParse)] dset = "reddit.dgl" (std::string)
[..1851/PA3/src/data.cu:5 (load_graph)] loading
[..51/PA3/test/main.cpp:17 (main)] kLen = 256 (int)
[==========] Running 3 tests from 1 test suite.
[----------] Global test environment set-up.
[----------] 3 tests from SpMMTest
[ RUN      ] SpMMTest.validation
[       OK ] SpMMTest.validation (10217 ms)
[ RUN      ] SpMMTest.cusparse_performance
[..A3/test/test_spmm.cu:62 (TestBody)] time = 0.202348 (double)
[       OK ] SpMMTest.cusparse_performance (6339 ms)
[ RUN      ] SpMMTest.opt_performance
[..A3/test/test_spmm.cu:71 (TestBody)] time = 0.182846 (double)
[       OK ] SpMMTest.opt_performance (5553 ms)
[----------] 3 tests from SpMMTest (22110 ms total)

[----------] Global test environment tear-down
[==========] 3 tests from 1 test suite ran. (22111 ms total)
[  PASSED  ] 3 tests.
[..1851/PA3/src/util.cu:74 (argParse)] dset = "products" (std::string)
[..1851/PA3/src/data.cu:5 (load_graph)] loading
[..51/PA3/test/main.cpp:17 (main)] kLen = 256 (int)
[==========] Running 3 tests from 1 test suite.
[----------] Global test environment set-up.
[----------] 3 tests from SpMMTest
[ RUN      ] SpMMTest.validation
[       OK ] SpMMTest.validation (11362 ms)
[ RUN      ] SpMMTest.cusparse_performance
[..A3/test/test_spmm.cu:62 (TestBody)] time = 0.258327 (double)
[       OK ] SpMMTest.cusparse_performance (8197 ms)
[ RUN      ] SpMMTest.opt_performance
[..A3/test/test_spmm.cu:71 (TestBody)] time = 0.246508 (double)
[       OK ] SpMMTest.opt_performance (7633 ms)
[----------] 3 tests from SpMMTest (27194 ms total)

[----------] Global test environment tear-down
[==========] 3 tests from 1 test suite ran. (27194 ms total)
[  PASSED  ] 3 tests.
[..1851/PA3/src/util.cu:74 (argParse)] dset = "youtube" (std::string)
[..1851/PA3/src/data.cu:5 (load_graph)] loading
[..51/PA3/test/main.cpp:17 (main)] kLen = 256 (int)
[==========] Running 3 tests from 1 test suite.
[----------] Global test environment set-up.
[----------] 3 tests from SpMMTest
[ RUN      ] SpMMTest.validation
[       OK ] SpMMTest.validation (1249 ms)
[ RUN      ] SpMMTest.cusparse_performance
[..A3/test/test_spmm.cu:62 (TestBody)] time = 0.0144239 (double)
[       OK ] SpMMTest.cusparse_performance (716 ms)
[ RUN      ] SpMMTest.opt_performance
[..A3/test/test_spmm.cu:71 (TestBody)] time = 0.0151539 (double)
[       OK ] SpMMTest.opt_performance (524 ms)
[----------] 3 tests from SpMMTest (2489 ms total)

[----------] Global test environment tear-down
[==========] 3 tests from 1 test suite ran. (2490 ms total)
[  PASSED  ] 3 tests.
[..1851/PA3/src/util.cu:74 (argParse)] dset = "amazon_cogdl" (std::string)
[..1851/PA3/src/data.cu:5 (load_graph)] loading
[..51/PA3/test/main.cpp:17 (main)] kLen = 256 (int)
[==========] Running 3 tests from 1 test suite.
[----------] Global test environment set-up.
[----------] 3 tests from SpMMTest
[ RUN      ] SpMMTest.validation
[       OK ] SpMMTest.validation (22172 ms)
[ RUN      ] SpMMTest.cusparse_performance
[..A3/test/test_spmm.cu:62 (TestBody)] time = 0.517759 (double)
[       OK ] SpMMTest.cusparse_performance (15906 ms)
[ RUN      ] SpMMTest.opt_performance
