[..1851/PA3/src/util.cu:74 (argParse)] dset = "arxiv" (std::string)
[..1851/PA3/src/data.cu:5 (load_graph)] loading
[..51/PA3/test/main.cpp:17 (main)] kLen = 256 (int)
[==========] Running 3 tests from 1 test suite.
[----------] Global test environment set-up.
[----------] 3 tests from SpMMTest
[ RUN      ] SpMMTest.validation
[       OK ] SpMMTest.validation (413 ms)
[ RUN      ] SpMMTest.cusparse_performance
[..A3/test/test_spmm.cu:52 (TestBody)] time = 0.00299215 (double)
[       OK ] SpMMTest.cusparse_performance (304 ms)
[ RUN      ] SpMMTest.opt_performance
[..A3/test/test_spmm.cu:61 (TestBody)] time = 0.00422063 (double)
[       OK ] SpMMTest.opt_performance (146 ms)
[----------] 3 tests from SpMMTest (865 ms total)

[----------] Global test environment tear-down
[==========] 3 tests from 1 test suite ran. (865 ms total)
[  PASSED  ] 3 tests.
[..1851/PA3/src/util.cu:74 (argParse)] dset = "collab" (std::string)
[..1851/PA3/src/data.cu:5 (load_graph)] loading
[..51/PA3/test/main.cpp:17 (main)] kLen = 256 (int)
[==========] Running 3 tests from 1 test suite.
[----------] Global test environment set-up.
[----------] 3 tests from SpMMTest
[ RUN      ] SpMMTest.validation
[       OK ] SpMMTest.validation (225 ms)
[ RUN      ] SpMMTest.cusparse_performance
[..A3/test/test_spmm.cu:52 (TestBody)] time = 0.00520401 (double)
[       OK ] SpMMTest.cusparse_performance (396 ms)
[ RUN      ] SpMMTest.opt_performance
[..A3/test/test_spmm.cu:61 (TestBody)] time = 0.00661421 (double)
[       OK ] SpMMTest.opt_performance (226 ms)
[----------] 3 tests from SpMMTest (848 ms total)

[----------] Global test environment tear-down
[==========] 3 tests from 1 test suite ran. (848 ms total)
[  PASSED  ] 3 tests.
[..1851/PA3/src/util.cu:74 (argParse)] dset = "citation" (std::string)
[..1851/PA3/src/data.cu:5 (load_graph)] loading
[..51/PA3/test/main.cpp:17 (main)] kLen = 256 (int)
[==========] Running 3 tests from 1 test suite.
[----------] Global test environment set-up.
[----------] 3 tests from SpMMTest
[ RUN      ] SpMMTest.validation
[       OK ] SpMMTest.validation (2964 ms)
[ RUN      ] SpMMTest.cusparse_performance
[..A3/test/test_spmm.cu:52 (TestBody)] time = 0.0788154 (double)
[       OK ] SpMMTest.cusparse_performance (2837 ms)
[ RUN      ] SpMMTest.opt_performance
[..A3/test/test_spmm.cu:61 (TestBody)] time = 0.101553 (double)
[       OK ] SpMMTest.opt_performance (3304 ms)
[----------] 3 tests from SpMMTest (9105 ms total)

[----------] Global test environment tear-down
[==========] 3 tests from 1 test suite ran. (9105 ms total)
[  PASSED  ] 3 tests.
[..1851/PA3/src/util.cu:74 (argParse)] dset = "ddi" (std::string)
[..1851/PA3/src/data.cu:5 (load_graph)] loading
[..51/PA3/test/main.cpp:17 (main)] kLen = 256 (int)
[==========] Running 3 tests from 1 test suite.
[----------] Global test environment set-up.
[----------] 3 tests from SpMMTest
[ RUN      ] SpMMTest.validation
[       OK ] SpMMTest.validation (104 ms)
[ RUN      ] SpMMTest.cusparse_performance
[..A3/test/test_spmm.cu:52 (TestBody)] time = 0.00155369 (double)
[       OK ] SpMMTest.cusparse_performance (250 ms)
[ RUN      ] SpMMTest.opt_performance
[..A3/test/test_spmm.cu:61 (TestBody)] time = 0.00168685 (double)
[       OK ] SpMMTest.opt_performance (52 ms)
[----------] 3 tests from SpMMTest (407 ms total)

[----------] Global test environment tear-down
[==========] 3 tests from 1 test suite ran. (407 ms total)
[  PASSED  ] 3 tests.
[..1851/PA3/src/util.cu:74 (argParse)] dset = "protein" (std::string)
[..1851/PA3/src/data.cu:5 (load_graph)] loading
[..51/PA3/test/main.cpp:17 (main)] kLen = 256 (int)
[==========] Running 3 tests from 1 test suite.
[----------] Global test environment set-up.
[----------] 3 tests from SpMMTest
[ RUN      ] SpMMTest.validation
[       OK ] SpMMTest.validation (7372 ms)
[ RUN      ] SpMMTest.cusparse_performance
[..A3/test/test_spmm.cu:52 (TestBody)] time = 0.0808419 (double)
[       OK ] SpMMTest.cusparse_performance (2654 ms)
[ RUN      ] SpMMTest.opt_performance
[..A3/test/test_spmm.cu:61 (TestBody)] time = 0.0652129 (double)
[       OK ] SpMMTest.opt_performance (1983 ms)
[----------] 3 tests from SpMMTest (12009 ms total)

[----------] Global test environment tear-down
[==========] 3 tests from 1 test suite ran. (12009 ms total)
[  PASSED  ] 3 tests.
[..1851/PA3/src/util.cu:74 (argParse)] dset = "ppa" (std::string)
[..1851/PA3/src/data.cu:5 (load_graph)] loading
[..51/PA3/test/main.cpp:17 (main)] kLen = 256 (int)
[==========] Running 3 tests from 1 test suite.
[----------] Global test environment set-up.
[----------] 3 tests from SpMMTest
[ RUN      ] SpMMTest.validation
[       OK ] SpMMTest.validation (3846 ms)
[ RUN      ] SpMMTest.cusparse_performance
[..A3/test/test_spmm.cu:52 (TestBody)] time = 0.0849698 (double)
[       OK ] SpMMTest.cusparse_performance (2799 ms)
[ RUN      ] SpMMTest.opt_performance
[..A3/test/test_spmm.cu:61 (TestBody)] time = 0.0828331 (double)
[       OK ] SpMMTest.opt_performance (2528 ms)
[----------] 3 tests from SpMMTest (9175 ms total)

[----------] Global test environment tear-down
[==========] 3 tests from 1 test suite ran. (9175 ms total)
[  PASSED  ] 3 tests.
[..1851/PA3/src/util.cu:74 (argParse)] dset = "reddit.dgl" (std::string)
[..1851/PA3/src/data.cu:5 (load_graph)] loading
[..51/PA3/test/main.cpp:17 (main)] kLen = 256 (int)
[==========] Running 3 tests from 1 test suite.
[----------] Global test environment set-up.
[----------] 3 tests from SpMMTest
[ RUN      ] SpMMTest.validation
[       OK ] SpMMTest.validation (10222 ms)
[ RUN      ] SpMMTest.cusparse_performance
[..A3/test/test_spmm.cu:52 (TestBody)] time = 0.202327 (double)
[       OK ] SpMMTest.cusparse_performance (6307 ms)
[ RUN      ] SpMMTest.opt_performance
[..A3/test/test_spmm.cu:61 (TestBody)] time = 0.172634 (double)
[       OK ] SpMMTest.opt_performance (5220 ms)
[----------] 3 tests from SpMMTest (21751 ms total)

[----------] Global test environment tear-down
[==========] 3 tests from 1 test suite ran. (21751 ms total)
[  PASSED  ] 3 tests.
[..1851/PA3/src/util.cu:74 (argParse)] dset = "products" (std::string)
[..1851/PA3/src/data.cu:5 (load_graph)] loading
[..51/PA3/test/main.cpp:17 (main)] kLen = 256 (int)
[==========] Running 3 tests from 1 test suite.
[----------] Global test environment set-up.
[----------] 3 tests from SpMMTest
[ RUN      ] SpMMTest.validation
[       OK ] SpMMTest.validation (11353 ms)
[ RUN      ] SpMMTest.cusparse_performance
