[..1851/PA3/src/util.cu:74 (argParse)] dset = "arxiv" (std::string)
[..1851/PA3/src/data.cu:5 (load_graph)] loading
[..51/PA3/test/main.cpp:17 (main)] kLen = 256 (int)
[==========] Running 3 tests from 1 test suite.
[----------] Global test environment set-up.
[----------] 3 tests from SpMMTest
[ RUN      ] SpMMTest.validation
[       OK ] SpMMTest.validation (414 ms)
[ RUN      ] SpMMTest.cusparse_performance
[..A3/test/test_spmm.cu:52 (TestBody)] time = 0.00299151 (double)
[       OK ] SpMMTest.cusparse_performance (306 ms)
[ RUN      ] SpMMTest.opt_performance
[..A3/test/test_spmm.cu:61 (TestBody)] time = 0.00406701 (double)
[       OK ] SpMMTest.opt_performance (142 ms)
[----------] 3 tests from SpMMTest (863 ms total)

[----------] Global test environment tear-down
[==========] 3 tests from 1 test suite ran. (863 ms total)
[  PASSED  ] 3 tests.
[..1851/PA3/src/util.cu:74 (argParse)] dset = "collab" (std::string)
[..1851/PA3/src/data.cu:5 (load_graph)] loading
[..51/PA3/test/main.cpp:17 (main)] kLen = 256 (int)
[==========] Running 3 tests from 1 test suite.
[----------] Global test environment set-up.
[----------] 3 tests from SpMMTest
[ RUN      ] SpMMTest.validation
[       OK ] SpMMTest.validation (222 ms)
[ RUN      ] SpMMTest.cusparse_performance
[..A3/test/test_spmm.cu:52 (TestBody)] time = 0.00520124 (double)
[       OK ] SpMMTest.cusparse_performance (381 ms)
[ RUN      ] SpMMTest.opt_performance
[..A3/test/test_spmm.cu:61 (TestBody)] time = 0.00433723 (double)
[       OK ] SpMMTest.opt_performance (156 ms)
[----------] 3 tests from SpMMTest (760 ms total)

[----------] Global test environment tear-down
[==========] 3 tests from 1 test suite ran. (760 ms total)
[  PASSED  ] 3 tests.
[..1851/PA3/src/util.cu:74 (argParse)] dset = "citation" (std::string)
[..1851/PA3/src/data.cu:5 (load_graph)] loading
[..51/PA3/test/main.cpp:17 (main)] kLen = 256 (int)
[==========] Running 3 tests from 1 test suite.
[----------] Global test environment set-up.
[----------] 3 tests from SpMMTest
[ RUN      ] SpMMTest.validation
[       OK ] SpMMTest.validation (2938 ms)
[ RUN      ] SpMMTest.cusparse_performance
[..A3/test/test_spmm.cu:52 (TestBody)] time = 0.0788105 (double)
[       OK ] SpMMTest.cusparse_performance (2830 ms)
[ RUN      ] SpMMTest.opt_performance
[..A3/test/test_spmm.cu:61 (TestBody)] time = 0.0687472 (double)
[       OK ] SpMMTest.opt_performance (2326 ms)
[----------] 3 tests from SpMMTest (8096 ms total)

[----------] Global test environment tear-down
[==========] 3 tests from 1 test suite ran. (8096 ms total)
[  PASSED  ] 3 tests.
[..1851/PA3/src/util.cu:74 (argParse)] dset = "ddi" (std::string)
[..1851/PA3/src/data.cu:5 (load_graph)] loading
[..51/PA3/test/main.cpp:17 (main)] kLen = 256 (int)
[==========] Running 3 tests from 1 test suite.
[----------] Global test environment set-up.
[----------] 3 tests from SpMMTest
[ RUN      ] SpMMTest.validation
[       OK ] SpMMTest.validation (104 ms)
[ RUN      ] SpMMTest.cusparse_performance
[..A3/test/test_spmm.cu:52 (TestBody)] time = 0.00155235 (double)
[       OK ] SpMMTest.cusparse_performance (256 ms)
[ RUN      ] SpMMTest.opt_performance
[..A3/test/test_spmm.cu:61 (TestBody)] time = 0.00159133 (double)
[       OK ] SpMMTest.opt_performance (49 ms)
[----------] 3 tests from SpMMTest (409 ms total)

[----------] Global test environment tear-down
[==========] 3 tests from 1 test suite ran. (410 ms total)
[  PASSED  ] 3 tests.
[..1851/PA3/src/util.cu:74 (argParse)] dset = "protein" (std::string)
[..1851/PA3/src/data.cu:5 (load_graph)] loading
[..51/PA3/test/main.cpp:17 (main)] kLen = 256 (int)
[==========] Running 3 tests from 1 test suite.
[----------] Global test environment set-up.
[----------] 3 tests from SpMMTest
[ RUN      ] SpMMTest.validation
